21:48:17 QUANTAXIS>>> declare 'pyecharts_js_extension' plugin manager
21:48:17 QUANTAXIS>>> scanning for plugins...
21:48:17 QUANTAXIS>>> register Pypkg
21:48:17 QUANTAXIS>>> found jupyter_echarts_pypkg
21:48:17 QUANTAXIS>>> scanning done
21:48:17 QUANTAXIS>>> Selecting the Best Server IP of TDX
21:48:23 QUANTAXIS>>> === The BEST SERVER ===
 stock_ip 124.160.88.183 future_ip 61.152.107.141
21:48:25 QUANTAXIS>>> Selecting the Best Server IP of TDX
21:48:31 QUANTAXIS>>> === The BEST SERVER ===
 stock_ip hq.cjis.cn future_ip 61.152.107.141
21:48:31 QUANTAXIS>>> The 0 of Total 967
21:48:31 QUANTAXIS>>> DOWNLOAD PROGRESS 0.0 %
21:48:31 QUANTAXIS>>> ##JOB04 Now Saving INDEX_DAY==== 
 Trying updating 000001 from 2018-04-25 to 2018-04-25
21:48:31 QUANTAXIS>>> The 1 of Total 967
21:48:31 QUANTAXIS>>> DOWNLOAD PROGRESS 0.10 %
21:48:31 QUANTAXIS>>> ##JOB04 Now Saving INDEX_DAY==== 
 Trying updating 000002 from 2018-04-25 to 2018-04-25
21:48:31 QUANTAXIS>>> The 2 of Total 967
21:48:31 QUANTAXIS>>> DOWNLOAD PROGRESS 0.20 %
21:48:31 QUANTAXIS>>> ##JOB04 Now Saving INDEX_DAY==== 
 Trying updating 000003 from 2018-04-25 to 2018-04-25
21:48:31 QUANTAXIS>>> The 3 of Total 967
21:48:31 QUANTAXIS>>> DOWNLOAD PROGRESS 0.31 %
21:48:31 QUANTAXIS>>> ##JOB04 Now Saving INDEX_DAY==== 
 Trying updating 000004 from 2018-04-25 to 2018-04-25
21:48:31 QUANTAXIS>>> The 4 of Total 967
21:48:31 QUANTAXIS>>> DOWNLOAD PROGRESS 0.41 %
21:48:31 QUANTAXIS>>> ##JOB04 Now Saving INDEX_DAY==== 
 Trying updating 000005 from 2018-04-25 to 2018-04-25
21:48:31 QUANTAXIS>>> The 5 of Total 967
21:48:31 QUANTAXIS>>> DOWNLOAD PROGRESS 0.51 %
21:48:31 QUANTAXIS>>> ##JOB04 Now Saving INDEX_DAY==== 
 Trying updating 000006 from 2018-04-25 to 2018-04-25
21:48:31 QUANTAXIS>>> The 6 of Total 967
21:48:31 QUANTAXIS>>> DOWNLOAD PROGRESS 0.62 %
21:48:31 QUANTAXIS>>> ##JOB04 Now Saving INDEX_DAY==== 
 Trying updating 000007 from 2018-04-25 to 2018-04-25
21:48:31 QUANTAXIS>>> The 7 of Total 967
21:48:31 QUANTAXIS>>> DOWNLOAD PROGRESS 0.72 %
21:48:31 QUANTAXIS>>> ##JOB04 Now Saving INDEX_DAY==== 
 Trying updating 000008 from 2018-04-25 to 2018-04-25
21:48:31 QUANTAXIS>>> The 8 of Total 967
21:48:31 QUANTAXIS>>> DOWNLOAD PROGRESS 0.82 %
21:48:31 QUANTAXIS>>> ##JOB04 Now Saving INDEX_DAY==== 
 Trying updating 000009 from 2018-04-25 to 2018-04-25
21:48:31 QUANTAXIS>>> The 9 of Total 967
21:48:31 QUANTAXIS>>> DOWNLOAD PROGRESS 0.93 %
21:48:31 QUANTAXIS>>> ##JOB04 Now Saving INDEX_DAY==== 
 Trying updating 000010 from 2018-04-25 to 2018-04-25
21:48:31 QUANTAXIS>>> The 10 of Total 967
21:48:31 QUANTAXIS>>> DOWNLOAD PROGRESS 1.03 %
21:48:31 QUANTAXIS>>> ##JOB04 Now Saving INDEX_DAY==== 
 Trying updating 000011 from 2018-04-25 to 2018-04-25
21:48:31 QUANTAXIS>>> The 11 of Total 967
21:48:31 QUANTAXIS>>> DOWNLOAD PROGRESS 1.13 %
21:48:31 QUANTAXIS>>> ##JOB04 Now Saving INDEX_DAY==== 
 Trying updating 000012 from 2018-04-25 to 2018-04-25
21:48:31 QUANTAXIS>>> The 12 of Total 967
21:48:31 QUANTAXIS>>> DOWNLOAD PROGRESS 1.24 %
21:48:31 QUANTAXIS>>> ##JOB04 Now Saving INDEX_DAY==== 
 Trying updating 000013 from 2018-04-25 to 2018-04-25
21:48:31 QUANTAXIS>>> The 13 of Total 967
21:48:31 QUANTAXIS>>> DOWNLOAD PROGRESS 1.34 %
21:48:31 QUANTAXIS>>> ##JOB04 Now Saving INDEX_DAY==== 
 Trying updating 000015 from 2018-04-25 to 2018-04-25
21:48:31 QUANTAXIS>>> The 14 of Total 967
21:48:31 QUANTAXIS>>> DOWNLOAD PROGRESS 1.44 %
21:48:31 QUANTAXIS>>> ##JOB04 Now Saving INDEX_DAY==== 
 Trying updating 000016 from 2018-04-25 to 2018-04-25
21:48:31 QUANTAXIS>>> The 15 of Total 967
21:48:31 QUANTAXIS>>> DOWNLOAD PROGRESS 1.55 %
21:48:31 QUANTAXIS>>> ##JOB04 Now Saving INDEX_DAY==== 
 Trying updating 000017 from 2018-04-25 to 2018-04-25
21:48:31 QUANTAXIS>>> The 16 of Total 967
21:48:31 QUANTAXIS>>> DOWNLOAD PROGRESS 1.65 %
21:48:31 QUANTAXIS>>> ##JOB04 Now Saving INDEX_DAY==== 
 Trying updating 000018 from 2018-04-25 to 2018-04-25
21:48:31 QUANTAXIS>>> The 17 of Total 967
21:48:31 QUANTAXIS>>> DOWNLOAD PROGRESS 1.75 %
21:48:31 QUANTAXIS>>> ##JOB04 Now Saving INDEX_DAY==== 
 Trying updating 000019 from 2018-04-25 to 2018-04-25
21:48:31 QUANTAXIS>>> The 18 of Total 967
21:48:31 QUANTAXIS>>> DOWNLOAD PROGRESS 1.86 %
21:48:31 QUANTAXIS>>> ##JOB04 Now Saving INDEX_DAY==== 
 Trying updating 000020 from 2018-04-25 to 2018-04-25
21:48:31 QUANTAXIS>>> The 19 of Total 967
21:48:31 QUANTAXIS>>> DOWNLOAD PROGRESS 1.96 %
21:48:31 QUANTAXIS>>> ##JOB04 Now Saving INDEX_DAY==== 
 Trying updating 000021 from 2018-04-24 to 2018-04-25
21:48:31 QUANTAXIS>>> The 20 of Total 967
21:48:31 QUANTAXIS>>> DOWNLOAD PROGRESS 2.06 %
21:48:31 QUANTAXIS>>> ##JOB04 Now Saving INDEX_DAY==== 
 Trying updating 000022 from 2018-04-24 to 2018-04-25
21:48:31 QUANTAXIS>>> The 21 of Total 967
21:48:31 QUANTAXIS>>> DOWNLOAD PROGRESS 2.17 %
21:48:31 QUANTAXIS>>> ##JOB04 Now Saving INDEX_DAY==== 
 Trying updating 000025 from 2018-04-24 to 2018-04-25
21:48:31 QUANTAXIS>>> The 22 of Total 967
21:48:31 QUANTAXIS>>> DOWNLOAD PROGRESS 2.27 %
21:48:31 QUANTAXIS>>> ##JOB04 Now Saving INDEX_DAY==== 
 Trying updating 000026 from 2018-04-24 to 2018-04-25
21:48:31 QUANTAXIS>>> The 23 of Total 967
21:48:31 QUANTAXIS>>> DOWNLOAD PROGRESS 2.37 %
21:48:31 QUANTAXIS>>> ##JOB04 Now Saving INDEX_DAY==== 
 Trying updating 000027 from 2018-04-24 to 2018-04-25
21:48:31 QUANTAXIS>>> The 24 of Total 967
21:48:31 QUANTAXIS>>> DOWNLOAD PROGRESS 2.48 %
21:48:31 QUANTAXIS>>> ##JOB04 Now Saving INDEX_DAY==== 
 Trying updating 000028 from 2018-04-24 to 2018-04-25
21:48:31 QUANTAXIS>>> The 25 of Total 967
21:48:31 QUANTAXIS>>> DOWNLOAD PROGRESS 2.58 %
21:48:31 QUANTAXIS>>> ##JOB04 Now Saving INDEX_DAY==== 
 Trying updating 000029 from 2018-04-24 to 2018-04-25
21:48:31 QUANTAXIS>>> The 26 of Total 967
21:48:31 QUANTAXIS>>> DOWNLOAD PROGRESS 2.68 %
21:48:31 QUANTAXIS>>> ##JOB04 Now Saving INDEX_DAY==== 
 Trying updating 000030 from 2018-04-24 to 2018-04-25
21:48:31 QUANTAXIS>>> The 27 of Total 967
21:48:31 QUANTAXIS>>> DOWNLOAD PROGRESS 2.79 %
21:48:31 QUANTAXIS>>> ##JOB04 Now Saving INDEX_DAY==== 
 Trying updating 000031 from 2018-04-24 to 2018-04-25
21:48:31 QUANTAXIS>>> The 28 of Total 967
21:48:31 QUANTAXIS>>> DOWNLOAD PROGRESS 2.89 %
21:48:31 QUANTAXIS>>> ##JOB04 Now Saving INDEX_DAY==== 
 Trying updating 000032 from 2018-04-24 to 2018-04-25
21:48:31 QUANTAXIS>>> The 29 of Total 967
21:48:31 QUANTAXIS>>> DOWNLOAD PROGRESS 2.99 %
21:48:31 QUANTAXIS>>> ##JOB04 Now Saving INDEX_DAY==== 
 Trying updating 000033 from 2018-04-24 to 2018-04-25
21:48:31 QUANTAXIS>>> The 30 of Total 967
21:48:31 QUANTAXIS>>> DOWNLOAD PROGRESS 3.10 %
21:48:31 QUANTAXIS>>> ##JOB04 Now Saving INDEX_DAY==== 
 Trying updating 000034 from 2018-04-24 to 2018-04-25
21:48:31 QUANTAXIS>>> The 31 of Total 967
21:48:31 QUANTAXIS>>> DOWNLOAD PROGRESS 3.20 %
21:48:31 QUANTAXIS>>> ##JOB04 Now Saving INDEX_DAY==== 
 Trying updating 000035 from 2018-04-24 to 2018-04-25
21:48:31 QUANTAXIS>>> The 32 of Total 967
21:48:31 QUANTAXIS>>> DOWNLOAD PROGRESS 3.30 %
21:48:31 QUANTAXIS>>> ##JOB04 Now Saving INDEX_DAY==== 
 Trying updating 000036 from 2018-04-24 to 2018-04-25
21:48:31 QUANTAXIS>>> The 33 of Total 967
21:48:31 QUANTAXIS>>> DOWNLOAD PROGRESS 3.41 %
21:48:31 QUANTAXIS>>> ##JOB04 Now Saving INDEX_DAY==== 
 Trying updating 000037 from 2018-04-24 to 2018-04-25
21:48:31 QUANTAXIS>>> The 34 of Total 967
21:48:31 QUANTAXIS>>> DOWNLOAD PROGRESS 3.51 %
21:48:31 QUANTAXIS>>> ##JOB04 Now Saving INDEX_DAY==== 
 Trying updating 000038 from 2018-04-24 to 2018-04-25
21:48:31 QUANTAXIS>>> The 35 of Total 967
21:48:31 QUANTAXIS>>> DOWNLOAD PROGRESS 3.61 %
21:48:31 QUANTAXIS>>> ##JOB04 Now Saving INDEX_DAY==== 
 Trying updating 000039 from 2018-04-24 to 2018-04-25
21:48:31 QUANTAXIS>>> The 36 of Total 967
21:48:31 QUANTAXIS>>> DOWNLOAD PROGRESS 3.72 %
21:48:31 QUANTAXIS>>> ##JOB04 Now Saving INDEX_DAY==== 
 Trying updating 000040 from 2018-04-24 to 2018-04-25
21:48:31 QUANTAXIS>>> The 37 of Total 967
21:48:31 QUANTAXIS>>> DOWNLOAD PROGRESS 3.82 %
21:48:31 QUANTAXIS>>> ##JOB04 Now Saving INDEX_DAY==== 
 Trying updating 000041 from 2018-04-24 to 2018-04-25
21:48:31 QUANTAXIS>>> The 38 of Total 967
21:48:31 QUANTAXIS>>> DOWNLOAD PROGRESS 3.92 %
21:48:31 QUANTAXIS>>> ##JOB04 Now Saving INDEX_DAY==== 
 Trying updating 000042 from 2018-04-24 to 2018-04-25
21:48:31 QUANTAXIS>>> The 39 of Total 967
21:48:31 QUANTAXIS>>> DOWNLOAD PROGRESS 4.03 %
21:48:31 QUANTAXIS>>> ##JOB04 Now Saving INDEX_DAY==== 
 Trying updating 000043 from 2018-04-24 to 2018-04-25
21:48:31 QUANTAXIS>>> The 40 of Total 967
21:48:31 QUANTAXIS>>> DOWNLOAD PROGRESS 4.13 %
21:48:31 QUANTAXIS>>> ##JOB04 Now Saving INDEX_DAY==== 
 Trying updating 000044 from 2018-04-24 to 2018-04-25
21:48:31 QUANTAXIS>>> The 41 of Total 967
21:48:31 QUANTAXIS>>> DOWNLOAD PROGRESS 4.23 %
21:48:31 QUANTAXIS>>> ##JOB04 Now Saving INDEX_DAY==== 
 Trying updating 000045 from 2018-04-24 to 2018-04-25
21:48:31 QUANTAXIS>>> The 42 of Total 967
21:48:31 QUANTAXIS>>> DOWNLOAD PROGRESS 4.34 %
21:48:31 QUANTAXIS>>> ##JOB04 Now Saving INDEX_DAY==== 
 Trying updating 000046 from 2018-04-24 to 2018-04-25
21:48:31 QUANTAXIS>>> The 43 of Total 967
21:48:31 QUANTAXIS>>> DOWNLOAD PROGRESS 4.44 %
21:48:31 QUANTAXIS>>> ##JOB04 Now Saving INDEX_DAY==== 
 Trying updating 000047 from 2018-04-24 to 2018-04-25
21:48:31 QUANTAXIS>>> The 44 of Total 967
21:48:31 QUANTAXIS>>> DOWNLOAD PROGRESS 4.55 %
21:48:31 QUANTAXIS>>> ##JOB04 Now Saving INDEX_DAY==== 
 Trying updating 000048 from 2018-04-24 to 2018-04-25
21:48:31 QUANTAXIS>>> The 45 of Total 967
21:48:31 QUANTAXIS>>> DOWNLOAD PROGRESS 4.65 %
21:48:31 QUANTAXIS>>> ##JOB04 Now Saving INDEX_DAY==== 
 Trying updating 000049 from 2018-04-24 to 2018-04-25
21:48:31 QUANTAXIS>>> The 46 of Total 967
21:48:31 QUANTAXIS>>> DOWNLOAD PROGRESS 4.75 %
21:48:31 QUANTAXIS>>> ##JOB04 Now Saving INDEX_DAY==== 
 Trying updating 000050 from 2018-04-24 to 2018-04-25
21:48:31 QUANTAXIS>>> The 47 of Total 967
21:48:31 QUANTAXIS>>> DOWNLOAD PROGRESS 4.86 %
21:48:32 QUANTAXIS>>> ##JOB04 Now Saving INDEX_DAY==== 
 Trying updating 000051 from 2018-04-24 to 2018-04-25
21:48:32 QUANTAXIS>>> The 48 of Total 967
21:48:32 QUANTAXIS>>> DOWNLOAD PROGRESS 4.96 %
21:48:32 QUANTAXIS>>> ##JOB04 Now Saving INDEX_DAY==== 
 Trying updating 000052 from 2018-04-24 to 2018-04-25
21:48:32 QUANTAXIS>>> The 49 of Total 967
21:48:32 QUANTAXIS>>> DOWNLOAD PROGRESS 5.06 %
21:48:32 QUANTAXIS>>> ##JOB04 Now Saving INDEX_DAY==== 
 Trying updating 000053 from 2018-04-24 to 2018-04-25
21:48:32 QUANTAXIS>>> The 50 of Total 967
21:48:32 QUANTAXIS>>> DOWNLOAD PROGRESS 5.17 %
21:48:32 QUANTAXIS>>> ##JOB04 Now Saving INDEX_DAY==== 
 Trying updating 000054 from 2018-04-24 to 2018-04-25
21:48:32 QUANTAXIS>>> The 51 of Total 967
21:48:32 QUANTAXIS>>> DOWNLOAD PROGRESS 5.27 %
21:48:32 QUANTAXIS>>> ##JOB04 Now Saving INDEX_DAY==== 
 Trying updating 000055 from 2018-04-24 to 2018-04-25
21:48:32 QUANTAXIS>>> The 52 of Total 967
21:48:32 QUANTAXIS>>> DOWNLOAD PROGRESS 5.37 %
21:48:32 QUANTAXIS>>> ##JOB04 Now Saving INDEX_DAY==== 
 Trying updating 000056 from 2018-04-24 to 2018-04-25
21:48:32 QUANTAXIS>>> The 53 of Total 967
21:48:32 QUANTAXIS>>> DOWNLOAD PROGRESS 5.48 %
21:48:32 QUANTAXIS>>> ##JOB04 Now Saving INDEX_DAY==== 
 Trying updating 000057 from 2018-04-24 to 2018-04-25
21:48:32 QUANTAXIS>>> The 54 of Total 967
21:48:32 QUANTAXIS>>> DOWNLOAD PROGRESS 5.58 %
21:48:32 QUANTAXIS>>> ##JOB04 Now Saving INDEX_DAY==== 
 Trying updating 000058 from 2018-04-24 to 2018-04-25
21:48:32 QUANTAXIS>>> The 55 of Total 967
21:48:32 QUANTAXIS>>> DOWNLOAD PROGRESS 5.68 %
21:48:32 QUANTAXIS>>> ##JOB04 Now Saving INDEX_DAY==== 
 Trying updating 000059 from 2018-04-24 to 2018-04-25
21:48:32 QUANTAXIS>>> The 56 of Total 967
21:48:32 QUANTAXIS>>> DOWNLOAD PROGRESS 5.79 %
21:48:32 QUANTAXIS>>> ##JOB04 Now Saving INDEX_DAY==== 
 Trying updating 000060 from 2018-04-24 to 2018-04-25
21:48:32 QUANTAXIS>>> The 57 of Total 967
21:48:32 QUANTAXIS>>> DOWNLOAD PROGRESS 5.89 %
21:48:32 QUANTAXIS>>> ##JOB04 Now Saving INDEX_DAY==== 
 Trying updating 000061 from 2018-04-24 to 2018-04-25
21:48:32 QUANTAXIS>>> The 58 of Total 967
21:48:32 QUANTAXIS>>> DOWNLOAD PROGRESS 5.99 %
21:48:32 QUANTAXIS>>> ##JOB04 Now Saving INDEX_DAY==== 
 Trying updating 000062 from 2018-04-24 to 2018-04-25
21:48:32 QUANTAXIS>>> The 59 of Total 967
21:48:32 QUANTAXIS>>> DOWNLOAD PROGRESS 6.10 %
21:48:32 QUANTAXIS>>> ##JOB04 Now Saving INDEX_DAY==== 
 Trying updating 000063 from 2018-04-24 to 2018-04-25
21:48:32 QUANTAXIS>>> The 60 of Total 967
21:48:32 QUANTAXIS>>> DOWNLOAD PROGRESS 6.20 %
21:48:32 QUANTAXIS>>> ##JOB04 Now Saving INDEX_DAY==== 
 Trying updating 000064 from 2018-04-24 to 2018-04-25
21:48:32 QUANTAXIS>>> The 61 of Total 967
21:48:32 QUANTAXIS>>> DOWNLOAD PROGRESS 6.30 %
21:48:32 QUANTAXIS>>> ##JOB04 Now Saving INDEX_DAY==== 
 Trying updating 000065 from 2018-04-24 to 2018-04-25
21:48:32 QUANTAXIS>>> The 62 of Total 967
21:48:32 QUANTAXIS>>> DOWNLOAD PROGRESS 6.41 %
21:48:32 QUANTAXIS>>> ##JOB04 Now Saving INDEX_DAY==== 
 Trying updating 000066 from 2018-04-24 to 2018-04-25
21:48:32 QUANTAXIS>>> The 63 of Total 967
21:48:32 QUANTAXIS>>> DOWNLOAD PROGRESS 6.51 %
21:48:32 QUANTAXIS>>> ##JOB04 Now Saving INDEX_DAY==== 
 Trying updating 000067 from 2018-04-24 to 2018-04-25
21:48:32 QUANTAXIS>>> The 64 of Total 967
21:48:32 QUANTAXIS>>> DOWNLOAD PROGRESS 6.61 %
21:48:32 QUANTAXIS>>> ##JOB04 Now Saving INDEX_DAY==== 
 Trying updating 000068 from 2018-04-24 to 2018-04-25
21:48:32 QUANTAXIS>>> The 65 of Total 967
21:48:32 QUANTAXIS>>> DOWNLOAD PROGRESS 6.72 %
21:48:32 QUANTAXIS>>> ##JOB04 Now Saving INDEX_DAY==== 
 Trying updating 000069 from 2018-04-24 to 2018-04-25
21:48:32 QUANTAXIS>>> The 66 of Total 967
21:48:32 QUANTAXIS>>> DOWNLOAD PROGRESS 6.82 %
21:48:32 QUANTAXIS>>> ##JOB04 Now Saving INDEX_DAY==== 
 Trying updating 000070 from 2018-04-24 to 2018-04-25
21:48:32 QUANTAXIS>>> The 67 of Total 967
21:48:32 QUANTAXIS>>> DOWNLOAD PROGRESS 6.92 %
21:48:32 QUANTAXIS>>> ##JOB04 Now Saving INDEX_DAY==== 
 Trying updating 000071 from 2018-04-24 to 2018-04-25
21:48:32 QUANTAXIS>>> The 68 of Total 967
21:48:32 QUANTAXIS>>> DOWNLOAD PROGRESS 7.03 %
21:48:32 QUANTAXIS>>> ##JOB04 Now Saving INDEX_DAY==== 
 Trying updating 000072 from 2018-04-24 to 2018-04-25
21:48:32 QUANTAXIS>>> The 69 of Total 967
21:48:32 QUANTAXIS>>> DOWNLOAD PROGRESS 7.13 %
21:48:32 QUANTAXIS>>> ##JOB04 Now Saving INDEX_DAY==== 
 Trying updating 000073 from 2018-04-24 to 2018-04-25
21:48:32 QUANTAXIS>>> The 70 of Total 967
21:48:32 QUANTAXIS>>> DOWNLOAD PROGRESS 7.23 %
21:48:32 QUANTAXIS>>> ##JOB04 Now Saving INDEX_DAY==== 
 Trying updating 000074 from 2018-04-24 to 2018-04-25
21:48:32 QUANTAXIS>>> The 71 of Total 967
21:48:32 QUANTAXIS>>> DOWNLOAD PROGRESS 7.34 %
21:48:32 QUANTAXIS>>> ##JOB04 Now Saving INDEX_DAY==== 
 Trying updating 000075 from 2018-04-24 to 2018-04-25
21:48:32 QUANTAXIS>>> The 72 of Total 967
21:48:32 QUANTAXIS>>> DOWNLOAD PROGRESS 7.44 %
21:48:32 QUANTAXIS>>> ##JOB04 Now Saving INDEX_DAY==== 
 Trying updating 000076 from 2018-04-24 to 2018-04-25
21:48:32 QUANTAXIS>>> The 73 of Total 967
21:48:32 QUANTAXIS>>> DOWNLOAD PROGRESS 7.54 %
21:48:32 QUANTAXIS>>> ##JOB04 Now Saving INDEX_DAY==== 
 Trying updating 000077 from 2018-04-24 to 2018-04-25
21:48:32 QUANTAXIS>>> The 74 of Total 967
21:48:32 QUANTAXIS>>> DOWNLOAD PROGRESS 7.65 %
21:48:32 QUANTAXIS>>> ##JOB04 Now Saving INDEX_DAY==== 
 Trying updating 000078 from 2018-04-24 to 2018-04-25
21:48:32 QUANTAXIS>>> The 75 of Total 967
21:48:32 QUANTAXIS>>> DOWNLOAD PROGRESS 7.75 %
21:48:32 QUANTAXIS>>> ##JOB04 Now Saving INDEX_DAY==== 
 Trying updating 000079 from 2018-04-24 to 2018-04-25
21:48:32 QUANTAXIS>>> The 76 of Total 967
21:48:32 QUANTAXIS>>> DOWNLOAD PROGRESS 7.85 %
21:48:32 QUANTAXIS>>> ##JOB04 Now Saving INDEX_DAY==== 
 Trying updating 000090 from 2018-04-24 to 2018-04-25
21:48:32 QUANTAXIS>>> The 77 of Total 967
21:48:32 QUANTAXIS>>> DOWNLOAD PROGRESS 7.96 %
21:48:32 QUANTAXIS>>> ##JOB04 Now Saving INDEX_DAY==== 
 Trying updating 000091 from 2018-04-24 to 2018-04-25
21:48:32 QUANTAXIS>>> The 78 of Total 967
21:48:32 QUANTAXIS>>> DOWNLOAD PROGRESS 8.06 %
21:48:32 QUANTAXIS>>> ##JOB04 Now Saving INDEX_DAY==== 
 Trying updating 000092 from 2018-04-24 to 2018-04-25
21:48:32 QUANTAXIS>>> The 79 of Total 967
21:48:32 QUANTAXIS>>> DOWNLOAD PROGRESS 8.16 %
21:48:32 QUANTAXIS>>> ##JOB04 Now Saving INDEX_DAY==== 
 Trying updating 000093 from 2018-04-24 to 2018-04-25
21:48:32 QUANTAXIS>>> The 80 of Total 967
21:48:32 QUANTAXIS>>> DOWNLOAD PROGRESS 8.27 %
21:48:32 QUANTAXIS>>> ##JOB04 Now Saving INDEX_DAY==== 
 Trying updating 000094 from 2018-04-24 to 2018-04-25
21:48:32 QUANTAXIS>>> The 81 of Total 967
21:48:32 QUANTAXIS>>> DOWNLOAD PROGRESS 8.37 %
21:48:32 QUANTAXIS>>> ##JOB04 Now Saving INDEX_DAY==== 
 Trying updating 000095 from 2018-04-24 to 2018-04-25
21:48:32 QUANTAXIS>>> The 82 of Total 967
21:48:32 QUANTAXIS>>> DOWNLOAD PROGRESS 8.47 %
21:48:32 QUANTAXIS>>> ##JOB04 Now Saving INDEX_DAY==== 
 Trying updating 000096 from 2018-04-24 to 2018-04-25
21:48:32 QUANTAXIS>>> The 83 of Total 967
21:48:32 QUANTAXIS>>> DOWNLOAD PROGRESS 8.58 %
21:48:32 QUANTAXIS>>> ##JOB04 Now Saving INDEX_DAY==== 
 Trying updating 000097 from 2018-04-24 to 2018-04-25
21:48:32 QUANTAXIS>>> The 84 of Total 967
21:48:32 QUANTAXIS>>> DOWNLOAD PROGRESS 8.68 %
21:48:32 QUANTAXIS>>> ##JOB04 Now Saving INDEX_DAY==== 
 Trying updating 000098 from 2018-04-24 to 2018-04-25
21:48:32 QUANTAXIS>>> The 85 of Total 967
21:48:32 QUANTAXIS>>> DOWNLOAD PROGRESS 8.79 %
21:48:32 QUANTAXIS>>> ##JOB04 Now Saving INDEX_DAY==== 
 Trying updating 000099 from 2018-04-24 to 2018-04-25
21:48:32 QUANTAXIS>>> The 86 of Total 967
21:48:32 QUANTAXIS>>> DOWNLOAD PROGRESS 8.89 %
21:48:32 QUANTAXIS>>> ##JOB04 Now Saving INDEX_DAY==== 
 Trying updating 000100 from 2018-04-24 to 2018-04-25
21:48:32 QUANTAXIS>>> The 87 of Total 967
21:48:32 QUANTAXIS>>> DOWNLOAD PROGRESS 8.99 %
21:48:32 QUANTAXIS>>> ##JOB04 Now Saving INDEX_DAY==== 
 Trying updating 000101 from 2018-04-24 to 2018-04-25
21:48:32 QUANTAXIS>>> The 88 of Total 967
21:48:32 QUANTAXIS>>> DOWNLOAD PROGRESS 9.10 %
21:48:32 QUANTAXIS>>> ##JOB04 Now Saving INDEX_DAY==== 
 Trying updating 000102 from 2018-04-24 to 2018-04-25
21:48:32 QUANTAXIS>>> The 89 of Total 967
21:48:32 QUANTAXIS>>> DOWNLOAD PROGRESS 9.20 %
21:48:32 QUANTAXIS>>> ##JOB04 Now Saving INDEX_DAY==== 
 Trying updating 000103 from 2018-04-24 to 2018-04-25
21:48:32 QUANTAXIS>>> The 90 of Total 967
21:48:32 QUANTAXIS>>> DOWNLOAD PROGRESS 9.30 %
21:48:32 QUANTAXIS>>> ##JOB04 Now Saving INDEX_DAY==== 
 Trying updating 000104 from 2018-04-24 to 2018-04-25
21:48:32 QUANTAXIS>>> The 91 of Total 967
21:48:32 QUANTAXIS>>> DOWNLOAD PROGRESS 9.41 %
21:48:32 QUANTAXIS>>> ##JOB04 Now Saving INDEX_DAY==== 
 Trying updating 000105 from 2018-04-24 to 2018-04-25
21:48:32 QUANTAXIS>>> The 92 of Total 967
21:48:32 QUANTAXIS>>> DOWNLOAD PROGRESS 9.51 %
21:48:32 QUANTAXIS>>> ##JOB04 Now Saving INDEX_DAY==== 
 Trying updating 000106 from 2018-04-24 to 2018-04-25
21:48:32 QUANTAXIS>>> The 93 of Total 967
21:48:32 QUANTAXIS>>> DOWNLOAD PROGRESS 9.61 %
21:48:32 QUANTAXIS>>> ##JOB04 Now Saving INDEX_DAY==== 
 Trying updating 000107 from 2018-04-24 to 2018-04-25
21:48:32 QUANTAXIS>>> The 94 of Total 967
21:48:32 QUANTAXIS>>> DOWNLOAD PROGRESS 9.72 %
21:48:32 QUANTAXIS>>> ##JOB04 Now Saving INDEX_DAY==== 
 Trying updating 000108 from 2018-04-24 to 2018-04-25
21:48:32 QUANTAXIS>>> The 95 of Total 967
21:48:32 QUANTAXIS>>> DOWNLOAD PROGRESS 9.82 %
21:48:32 QUANTAXIS>>> ##JOB04 Now Saving INDEX_DAY==== 
 Trying updating 000109 from 2018-04-24 to 2018-04-25
21:48:32 QUANTAXIS>>> The 96 of Total 967
21:48:32 QUANTAXIS>>> DOWNLOAD PROGRESS 9.92 %
21:48:32 QUANTAXIS>>> ##JOB04 Now Saving INDEX_DAY==== 
 Trying updating 000110 from 2018-04-24 to 2018-04-25
21:48:32 QUANTAXIS>>> The 97 of Total 967
21:48:32 QUANTAXIS>>> DOWNLOAD PROGRESS 10.0 %
21:48:32 QUANTAXIS>>> ##JOB04 Now Saving INDEX_DAY==== 
 Trying updating 000111 from 2018-04-24 to 2018-04-25
21:48:32 QUANTAXIS>>> The 98 of Total 967
21:48:32 QUANTAXIS>>> DOWNLOAD PROGRESS 10.1 %
21:48:32 QUANTAXIS>>> ##JOB04 Now Saving INDEX_DAY==== 
 Trying updating 000112 from 2018-04-24 to 2018-04-25
21:48:32 QUANTAXIS>>> The 99 of Total 967
21:48:32 QUANTAXIS>>> DOWNLOAD PROGRESS 10.2 %
21:48:33 QUANTAXIS>>> ##JOB04 Now Saving INDEX_DAY==== 
 Trying updating 000113 from 2018-04-24 to 2018-04-25
21:48:33 QUANTAXIS>>> The 100 of Total 967
21:48:33 QUANTAXIS>>> DOWNLOAD PROGRESS 10.3 %
21:48:33 QUANTAXIS>>> ##JOB04 Now Saving INDEX_DAY==== 
 Trying updating 000114 from 2018-04-24 to 2018-04-25
21:48:33 QUANTAXIS>>> The 101 of Total 967
21:48:33 QUANTAXIS>>> DOWNLOAD PROGRESS 10.4 %
21:48:33 QUANTAXIS>>> ##JOB04 Now Saving INDEX_DAY==== 
 Trying updating 000115 from 2018-04-24 to 2018-04-25
21:48:33 QUANTAXIS>>> The 102 of Total 967
21:48:33 QUANTAXIS>>> DOWNLOAD PROGRESS 10.5 %
21:48:33 QUANTAXIS>>> ##JOB04 Now Saving INDEX_DAY==== 
 Trying updating 000116 from 2018-04-24 to 2018-04-25
21:48:33 QUANTAXIS>>> The 103 of Total 967
21:48:33 QUANTAXIS>>> DOWNLOAD PROGRESS 10.6 %
21:48:33 QUANTAXIS>>> ##JOB04 Now Saving INDEX_DAY==== 
 Trying updating 000117 from 2018-04-24 to 2018-04-25
21:48:33 QUANTAXIS>>> The 104 of Total 967
21:48:33 QUANTAXIS>>> DOWNLOAD PROGRESS 10.7 %
21:48:33 QUANTAXIS>>> ##JOB04 Now Saving INDEX_DAY==== 
 Trying updating 000118 from 2018-04-24 to 2018-04-25
21:48:33 QUANTAXIS>>> The 105 of Total 967
21:48:33 QUANTAXIS>>> DOWNLOAD PROGRESS 10.8 %
21:48:33 QUANTAXIS>>> ##JOB04 Now Saving INDEX_DAY==== 
 Trying updating 000119 from 2018-04-24 to 2018-04-25
21:48:33 QUANTAXIS>>> The 106 of Total 967
21:48:33 QUANTAXIS>>> DOWNLOAD PROGRESS 10.9 %
21:48:33 QUANTAXIS>>> ##JOB04 Now Saving INDEX_DAY==== 
 Trying updating 000120 from 2018-04-24 to 2018-04-25
21:48:33 QUANTAXIS>>> The 107 of Total 967
21:48:33 QUANTAXIS>>> DOWNLOAD PROGRESS 11.0 %
21:48:33 QUANTAXIS>>> ##JOB04 Now Saving INDEX_DAY==== 
 Trying updating 000121 from 2018-04-24 to 2018-04-25
21:48:33 QUANTAXIS>>> The 108 of Total 967
21:48:33 QUANTAXIS>>> DOWNLOAD PROGRESS 11.1 %
21:48:33 QUANTAXIS>>> ##JOB04 Now Saving INDEX_DAY==== 
 Trying updating 000122 from 2018-04-24 to 2018-04-25
21:48:33 QUANTAXIS>>> The 109 of Total 967
21:48:33 QUANTAXIS>>> DOWNLOAD PROGRESS 11.2 %
21:48:33 QUANTAXIS>>> ##JOB04 Now Saving INDEX_DAY==== 
 Trying updating 000123 from 2018-04-24 to 2018-04-25
21:48:33 QUANTAXIS>>> The 110 of Total 967
21:48:33 QUANTAXIS>>> DOWNLOAD PROGRESS 11.3 %
21:48:33 QUANTAXIS>>> ##JOB04 Now Saving INDEX_DAY==== 
 Trying updating 000125 from 2018-04-24 to 2018-04-25
21:48:33 QUANTAXIS>>> The 111 of Total 967
21:48:33 QUANTAXIS>>> DOWNLOAD PROGRESS 11.4 %
21:48:33 QUANTAXIS>>> ##JOB04 Now Saving INDEX_DAY==== 
 Trying updating 000126 from 2018-04-24 to 2018-04-25
21:48:33 QUANTAXIS>>> The 112 of Total 967
21:48:33 QUANTAXIS>>> DOWNLOAD PROGRESS 11.5 %
21:48:33 QUANTAXIS>>> ##JOB04 Now Saving INDEX_DAY==== 
 Trying updating 000128 from 2018-04-24 to 2018-04-25
21:48:33 QUANTAXIS>>> The 113 of Total 967
21:48:33 QUANTAXIS>>> DOWNLOAD PROGRESS 11.6 %
21:48:33 QUANTAXIS>>> ##JOB04 Now Saving INDEX_DAY==== 
 Trying updating 000129 from 2018-04-24 to 2018-04-25
21:48:33 QUANTAXIS>>> The 114 of Total 967
21:48:33 QUANTAXIS>>> DOWNLOAD PROGRESS 11.7 %
21:48:33 QUANTAXIS>>> ##JOB04 Now Saving INDEX_DAY==== 
 Trying updating 000130 from 2018-04-24 to 2018-04-25
21:48:33 QUANTAXIS>>> The 115 of Total 967
21:48:33 QUANTAXIS>>> DOWNLOAD PROGRESS 11.8 %
21:48:33 QUANTAXIS>>> ##JOB04 Now Saving INDEX_DAY==== 
 Trying updating 000131 from 2018-04-24 to 2018-04-25
21:48:33 QUANTAXIS>>> The 116 of Total 967
21:48:33 QUANTAXIS>>> DOWNLOAD PROGRESS 11.9 %
21:48:33 QUANTAXIS>>> ##JOB04 Now Saving INDEX_DAY==== 
 Trying updating 000132 from 2018-04-24 to 2018-04-25
21:48:33 QUANTAXIS>>> The 117 of Total 967
21:48:33 QUANTAXIS>>> DOWNLOAD PROGRESS 12.0 %
21:48:33 QUANTAXIS>>> ##JOB04 Now Saving INDEX_DAY==== 
 Trying updating 000133 from 2018-04-24 to 2018-04-25
21:48:33 QUANTAXIS>>> The 118 of Total 967
21:48:33 QUANTAXIS>>> DOWNLOAD PROGRESS 12.2 %
21:48:33 QUANTAXIS>>> ##JOB04 Now Saving INDEX_DAY==== 
 Trying updating 000134 from 2018-04-24 to 2018-04-25
21:48:33 QUANTAXIS>>> The 119 of Total 967
21:48:33 QUANTAXIS>>> DOWNLOAD PROGRESS 12.3 %
21:48:33 QUANTAXIS>>> ##JOB04 Now Saving INDEX_DAY==== 
 Trying updating 000135 from 2018-04-24 to 2018-04-25
21:48:33 QUANTAXIS>>> The 120 of Total 967
21:48:33 QUANTAXIS>>> DOWNLOAD PROGRESS 12.4 %
21:48:33 QUANTAXIS>>> ##JOB04 Now Saving INDEX_DAY==== 
 Trying updating 000136 from 2018-04-24 to 2018-04-25
21:48:33 QUANTAXIS>>> The 121 of Total 967
21:48:33 QUANTAXIS>>> DOWNLOAD PROGRESS 12.5 %
21:48:33 QUANTAXIS>>> ##JOB04 Now Saving INDEX_DAY==== 
 Trying updating 000137 from 2018-04-24 to 2018-04-25
21:48:33 QUANTAXIS>>> The 122 of Total 967
21:48:33 QUANTAXIS>>> DOWNLOAD PROGRESS 12.6 %
21:48:33 QUANTAXIS>>> ##JOB04 Now Saving INDEX_DAY==== 
 Trying updating 000138 from 2018-04-24 to 2018-04-25
21:48:33 QUANTAXIS>>> The 123 of Total 967
21:48:33 QUANTAXIS>>> DOWNLOAD PROGRESS 12.7 %
21:48:33 QUANTAXIS>>> ##JOB04 Now Saving INDEX_DAY==== 
 Trying updating 000139 from 2018-04-24 to 2018-04-25
21:48:33 QUANTAXIS>>> The 124 of Total 967
21:48:33 QUANTAXIS>>> DOWNLOAD PROGRESS 12.8 %
21:48:33 QUANTAXIS>>> ##JOB04 Now Saving INDEX_DAY==== 
 Trying updating 000141 from 2018-04-24 to 2018-04-25
21:48:33 QUANTAXIS>>> The 125 of Total 967
21:48:33 QUANTAXIS>>> DOWNLOAD PROGRESS 12.9 %
21:48:33 QUANTAXIS>>> ##JOB04 Now Saving INDEX_DAY==== 
 Trying updating 000142 from 2018-04-24 to 2018-04-25
21:48:33 QUANTAXIS>>> The 126 of Total 967
21:48:33 QUANTAXIS>>> DOWNLOAD PROGRESS 13.0 %
21:48:33 QUANTAXIS>>> ##JOB04 Now Saving INDEX_DAY==== 
 Trying updating 000145 from 2018-04-24 to 2018-04-25
21:48:33 QUANTAXIS>>> The 127 of Total 967
21:48:33 QUANTAXIS>>> DOWNLOAD PROGRESS 13.1 %
21:48:33 QUANTAXIS>>> ##JOB04 Now Saving INDEX_DAY==== 
 Trying updating 000146 from 2018-04-24 to 2018-04-25
21:48:33 QUANTAXIS>>> The 128 of Total 967
21:48:33 QUANTAXIS>>> DOWNLOAD PROGRESS 13.2 %
21:48:33 QUANTAXIS>>> ##JOB04 Now Saving INDEX_DAY==== 
 Trying updating 000147 from 2018-04-24 to 2018-04-25
21:48:33 QUANTAXIS>>> The 129 of Total 967
21:48:33 QUANTAXIS>>> DOWNLOAD PROGRESS 13.3 %
21:48:33 QUANTAXIS>>> ##JOB04 Now Saving INDEX_DAY==== 
 Trying updating 000148 from 2018-04-24 to 2018-04-25
21:48:33 QUANTAXIS>>> The 130 of Total 967
21:48:33 QUANTAXIS>>> DOWNLOAD PROGRESS 13.4 %
21:48:33 QUANTAXIS>>> ##JOB04 Now Saving INDEX_DAY==== 
 Trying updating 000149 from 2018-04-24 to 2018-04-25
21:48:33 QUANTAXIS>>> The 131 of Total 967
21:48:33 QUANTAXIS>>> DOWNLOAD PROGRESS 13.5 %
21:48:33 QUANTAXIS>>> ##JOB04 Now Saving INDEX_DAY==== 
 Trying updating 000150 from 2018-04-24 to 2018-04-25
21:48:33 QUANTAXIS>>> The 132 of Total 967
21:48:33 QUANTAXIS>>> DOWNLOAD PROGRESS 13.6 %
21:48:33 QUANTAXIS>>> ##JOB04 Now Saving INDEX_DAY==== 
 Trying updating 000151 from 2018-04-24 to 2018-04-25
21:48:33 QUANTAXIS>>> The 133 of Total 967
21:48:33 QUANTAXIS>>> DOWNLOAD PROGRESS 13.7 %
21:48:33 QUANTAXIS>>> ##JOB04 Now Saving INDEX_DAY==== 
 Trying updating 000152 from 2018-04-24 to 2018-04-25
21:48:33 QUANTAXIS>>> The 134 of Total 967
21:48:33 QUANTAXIS>>> DOWNLOAD PROGRESS 13.8 %
21:48:33 QUANTAXIS>>> ##JOB04 Now Saving INDEX_DAY==== 
 Trying updating 000153 from 2018-04-24 to 2018-04-25
21:48:33 QUANTAXIS>>> The 135 of Total 967
21:48:33 QUANTAXIS>>> DOWNLOAD PROGRESS 13.9 %
21:48:33 QUANTAXIS>>> ##JOB04 Now Saving INDEX_DAY==== 
 Trying updating 000155 from 2018-04-24 to 2018-04-25
21:48:33 QUANTAXIS>>> The 136 of Total 967
21:48:33 QUANTAXIS>>> DOWNLOAD PROGRESS 14.0 %
21:48:33 QUANTAXIS>>> ##JOB04 Now Saving INDEX_DAY==== 
 Trying updating 000158 from 2018-04-24 to 2018-04-25
21:48:33 QUANTAXIS>>> The 137 of Total 967
21:48:33 QUANTAXIS>>> DOWNLOAD PROGRESS 14.1 %
21:48:33 QUANTAXIS>>> ##JOB04 Now Saving INDEX_DAY==== 
 Trying updating 000159 from 2018-04-24 to 2018-04-25
21:48:33 QUANTAXIS>>> The 138 of Total 967
21:48:33 QUANTAXIS>>> DOWNLOAD PROGRESS 14.2 %
21:48:33 QUANTAXIS>>> ##JOB04 Now Saving INDEX_DAY==== 
 Trying updating 000160 from 2018-04-24 to 2018-04-25
21:48:33 QUANTAXIS>>> The 139 of Total 967
21:48:33 QUANTAXIS>>> DOWNLOAD PROGRESS 14.3 %
21:48:33 QUANTAXIS>>> ##JOB04 Now Saving INDEX_DAY==== 
 Trying updating 000161 from 2018-04-24 to 2018-04-25
21:48:33 QUANTAXIS>>> The 140 of Total 967
21:48:33 QUANTAXIS>>> DOWNLOAD PROGRESS 14.4 %
21:48:33 QUANTAXIS>>> ##JOB04 Now Saving INDEX_DAY==== 
 Trying updating 000162 from 2018-04-24 to 2018-04-25
21:48:33 QUANTAXIS>>> The 141 of Total 967
21:48:33 QUANTAXIS>>> DOWNLOAD PROGRESS 14.5 %
21:48:33 QUANTAXIS>>> ##JOB04 Now Saving INDEX_DAY==== 
 Trying updating 000170 from 2018-04-24 to 2018-04-25
21:48:33 QUANTAXIS>>> The 142 of Total 967
21:48:33 QUANTAXIS>>> DOWNLOAD PROGRESS 14.6 %
21:48:33 QUANTAXIS>>> ##JOB04 Now Saving INDEX_DAY==== 
 Trying updating 000171 from 2018-04-24 to 2018-04-25
21:48:33 QUANTAXIS>>> The 143 of Total 967
21:48:33 QUANTAXIS>>> DOWNLOAD PROGRESS 14.7 %
21:48:34 QUANTAXIS>>> ##JOB04 Now Saving INDEX_DAY==== 
 Trying updating 000300 from 2018-04-24 to 2018-04-25
21:48:34 QUANTAXIS>>> The 144 of Total 967
21:48:34 QUANTAXIS>>> DOWNLOAD PROGRESS 14.8 %
21:48:34 QUANTAXIS>>> ##JOB04 Now Saving INDEX_DAY==== 
 Trying updating 000802 from 2018-04-24 to 2018-04-25
21:48:34 QUANTAXIS>>> The 145 of Total 967
21:48:34 QUANTAXIS>>> DOWNLOAD PROGRESS 14.9 %
21:48:34 QUANTAXIS>>> ##JOB04 Now Saving INDEX_DAY==== 
 Trying updating 000805 from 2018-04-24 to 2018-04-25
21:48:34 QUANTAXIS>>> The 146 of Total 967
21:48:34 QUANTAXIS>>> DOWNLOAD PROGRESS 15.0 %
21:48:34 QUANTAXIS>>> ##JOB04 Now Saving INDEX_DAY==== 
 Trying updating 000806 from 2018-04-24 to 2018-04-25
21:48:34 QUANTAXIS>>> The 147 of Total 967
21:48:34 QUANTAXIS>>> DOWNLOAD PROGRESS 15.2 %
21:48:34 QUANTAXIS>>> ##JOB04 Now Saving INDEX_DAY==== 
 Trying updating 000807 from 2018-04-24 to 2018-04-25
21:48:34 QUANTAXIS>>> The 148 of Total 967
21:48:34 QUANTAXIS>>> DOWNLOAD PROGRESS 15.3 %
21:48:34 QUANTAXIS>>> ##JOB04 Now Saving INDEX_DAY==== 
 Trying updating 000808 from 2018-04-24 to 2018-04-25
21:48:34 QUANTAXIS>>> The 149 of Total 967
21:48:34 QUANTAXIS>>> DOWNLOAD PROGRESS 15.4 %
21:48:34 QUANTAXIS>>> ##JOB04 Now Saving INDEX_DAY==== 
 Trying updating 000814 from 2018-04-24 to 2018-04-25
21:48:34 QUANTAXIS>>> The 150 of Total 967
21:48:34 QUANTAXIS>>> DOWNLOAD PROGRESS 15.5 %
21:48:34 QUANTAXIS>>> ##JOB04 Now Saving INDEX_DAY==== 
 Trying updating 000816 from 2018-04-24 to 2018-04-25
21:48:34 QUANTAXIS>>> The 151 of Total 967
21:48:34 QUANTAXIS>>> DOWNLOAD PROGRESS 15.6 %
21:48:34 QUANTAXIS>>> ##JOB04 Now Saving INDEX_DAY==== 
 Trying updating 000819 from 2018-04-24 to 2018-04-25
21:48:34 QUANTAXIS>>> The 152 of Total 967
21:48:34 QUANTAXIS>>> DOWNLOAD PROGRESS 15.7 %
21:48:34 QUANTAXIS>>> ##JOB04 Now Saving INDEX_DAY==== 
 Trying updating 000821 from 2018-04-24 to 2018-04-25
21:48:34 QUANTAXIS>>> The 153 of Total 967
21:48:34 QUANTAXIS>>> DOWNLOAD PROGRESS 15.8 %
21:48:34 QUANTAXIS>>> ##JOB04 Now Saving INDEX_DAY==== 
 Trying updating 000823 from 2018-04-24 to 2018-04-25
21:48:34 QUANTAXIS>>> The 154 of Total 967
21:48:34 QUANTAXIS>>> DOWNLOAD PROGRESS 15.9 %
21:48:34 QUANTAXIS>>> ##JOB04 Now Saving INDEX_DAY==== 
 Trying updating 000827 from 2018-04-24 to 2018-04-25
21:48:34 QUANTAXIS>>> The 155 of Total 967
21:48:34 QUANTAXIS>>> DOWNLOAD PROGRESS 16.0 %
21:48:34 QUANTAXIS>>> ##JOB04 Now Saving INDEX_DAY==== 
 Trying updating 000828 from 2018-04-24 to 2018-04-25
21:48:34 QUANTAXIS>>> The 156 of Total 967
21:48:34 QUANTAXIS>>> DOWNLOAD PROGRESS 16.1 %
21:48:34 QUANTAXIS>>> ##JOB04 Now Saving INDEX_DAY==== 
 Trying updating 000832 from 2018-04-24 to 2018-04-25
21:48:34 QUANTAXIS>>> The 157 of Total 967
21:48:34 QUANTAXIS>>> DOWNLOAD PROGRESS 16.2 %
21:48:34 QUANTAXIS>>> ##JOB04 Now Saving INDEX_DAY==== 
 Trying updating 000833 from 1990-01-01 to 2018-04-25
21:48:34 QUANTAXIS>>> The 158 of Total 967
21:48:34 QUANTAXIS>>> DOWNLOAD PROGRESS 16.3 %
21:48:35 QUANTAXIS>>> ##JOB04 Now Saving INDEX_DAY==== 
 Trying updating 000841 from 2018-04-24 to 2018-04-25
21:48:35 QUANTAXIS>>> The 159 of Total 967
21:48:35 QUANTAXIS>>> DOWNLOAD PROGRESS 16.4 %
21:48:35 QUANTAXIS>>> ##JOB04 Now Saving INDEX_DAY==== 
 Trying updating 000842 from 2018-04-24 to 2018-04-25
21:48:35 QUANTAXIS>>> The 160 of Total 967
21:48:35 QUANTAXIS>>> DOWNLOAD PROGRESS 16.5 %
21:48:35 QUANTAXIS>>> ##JOB04 Now Saving INDEX_DAY==== 
 Trying updating 000846 from 2018-04-24 to 2018-04-25
21:48:35 QUANTAXIS>>> The 161 of Total 967
21:48:35 QUANTAXIS>>> DOWNLOAD PROGRESS 16.6 %
21:48:35 QUANTAXIS>>> ##JOB04 Now Saving INDEX_DAY==== 
 Trying updating 000847 from 2018-04-24 to 2018-04-25
21:48:35 QUANTAXIS>>> The 162 of Total 967
21:48:35 QUANTAXIS>>> DOWNLOAD PROGRESS 16.7 %
21:48:35 QUANTAXIS>>> ##JOB04 Now Saving INDEX_DAY==== 
 Trying updating 000849 from 2018-04-24 to 2018-04-25
21:48:35 QUANTAXIS>>> The 163 of Total 967
21:48:35 QUANTAXIS>>> DOWNLOAD PROGRESS 16.8 %
21:48:35 QUANTAXIS>>> ##JOB04 Now Saving INDEX_DAY==== 
 Trying updating 000850 from 2018-04-24 to 2018-04-25
21:48:35 QUANTAXIS>>> The 164 of Total 967
21:48:35 QUANTAXIS>>> DOWNLOAD PROGRESS 16.9 %
21:48:35 QUANTAXIS>>> ##JOB04 Now Saving INDEX_DAY==== 
 Trying updating 000851 from 2018-04-24 to 2018-04-25
21:48:35 QUANTAXIS>>> The 165 of Total 967
21:48:35 QUANTAXIS>>> DOWNLOAD PROGRESS 17.0 %
21:48:35 QUANTAXIS>>> ##JOB04 Now Saving INDEX_DAY==== 
 Trying updating 000852 from 2018-04-24 to 2018-04-25
21:48:35 QUANTAXIS>>> The 166 of Total 967
21:48:35 QUANTAXIS>>> DOWNLOAD PROGRESS 17.1 %
21:48:35 QUANTAXIS>>> ##JOB04 Now Saving INDEX_DAY==== 
 Trying updating 000853 from 2018-04-24 to 2018-04-25
21:48:35 QUANTAXIS>>> The 167 of Total 967
21:48:35 QUANTAXIS>>> DOWNLOAD PROGRESS 17.2 %
21:48:35 QUANTAXIS>>> ##JOB04 Now Saving INDEX_DAY==== 
 Trying updating 000854 from 2018-04-24 to 2018-04-25
21:48:35 QUANTAXIS>>> The 168 of Total 967
21:48:35 QUANTAXIS>>> DOWNLOAD PROGRESS 17.3 %
21:48:35 QUANTAXIS>>> ##JOB04 Now Saving INDEX_DAY==== 
 Trying updating 000855 from 2018-04-24 to 2018-04-25
21:48:35 QUANTAXIS>>> The 169 of Total 967
21:48:35 QUANTAXIS>>> DOWNLOAD PROGRESS 17.4 %
21:48:35 QUANTAXIS>>> ##JOB04 Now Saving INDEX_DAY==== 
 Trying updating 000856 from 2018-04-24 to 2018-04-25
21:48:35 QUANTAXIS>>> The 170 of Total 967
21:48:35 QUANTAXIS>>> DOWNLOAD PROGRESS 17.5 %
21:48:35 QUANTAXIS>>> ##JOB04 Now Saving INDEX_DAY==== 
 Trying updating 000857 from 2018-04-24 to 2018-04-25
21:48:35 QUANTAXIS>>> The 171 of Total 967
21:48:35 QUANTAXIS>>> DOWNLOAD PROGRESS 17.6 %
21:48:35 QUANTAXIS>>> ##JOB04 Now Saving INDEX_DAY==== 
 Trying updating 000858 from 2018-04-24 to 2018-04-25
21:48:35 QUANTAXIS>>> The 172 of Total 967
21:48:35 QUANTAXIS>>> DOWNLOAD PROGRESS 17.7 %
21:48:35 QUANTAXIS>>> ##JOB04 Now Saving INDEX_DAY==== 
 Trying updating 000863 from 2018-04-24 to 2018-04-25
21:48:35 QUANTAXIS>>> The 173 of Total 967
21:48:35 QUANTAXIS>>> DOWNLOAD PROGRESS 17.8 %
21:48:35 QUANTAXIS>>> ##JOB04 Now Saving INDEX_DAY==== 
 Trying updating 000865 from 2018-04-24 to 2018-04-25
21:48:35 QUANTAXIS>>> The 174 of Total 967
21:48:35 QUANTAXIS>>> DOWNLOAD PROGRESS 17.9 %
21:48:35 QUANTAXIS>>> ##JOB04 Now Saving INDEX_DAY==== 
 Trying updating 000867 from 2018-04-24 to 2018-04-25
21:48:35 QUANTAXIS>>> The 175 of Total 967
21:48:35 QUANTAXIS>>> DOWNLOAD PROGRESS 18.0 %
21:48:35 QUANTAXIS>>> ##JOB04 Now Saving INDEX_DAY==== 
 Trying updating 000869 from 2018-04-24 to 2018-04-25
21:48:35 QUANTAXIS>>> The 176 of Total 967
21:48:35 QUANTAXIS>>> DOWNLOAD PROGRESS 18.2 %
21:48:35 QUANTAXIS>>> ##JOB04 Now Saving INDEX_DAY==== 
 Trying updating 000891 from 2018-04-24 to 2018-04-25
21:48:35 QUANTAXIS>>> The 177 of Total 967
21:48:35 QUANTAXIS>>> DOWNLOAD PROGRESS 18.3 %
21:48:35 QUANTAXIS>>> ##JOB04 Now Saving INDEX_DAY==== 
 Trying updating 000901 from 2018-04-24 to 2018-04-25
21:48:35 QUANTAXIS>>> The 178 of Total 967
21:48:35 QUANTAXIS>>> DOWNLOAD PROGRESS 18.4 %
21:48:35 QUANTAXIS>>> ##JOB04 Now Saving INDEX_DAY==== 
 Trying updating 000903 from 2018-04-24 to 2018-04-25
21:48:35 QUANTAXIS>>> The 179 of Total 967
21:48:35 QUANTAXIS>>> DOWNLOAD PROGRESS 18.5 %
21:48:35 QUANTAXIS>>> ##JOB04 Now Saving INDEX_DAY==== 
 Trying updating 000904 from 2018-04-24 to 2018-04-25
21:48:35 QUANTAXIS>>> The 180 of Total 967
21:48:35 QUANTAXIS>>> DOWNLOAD PROGRESS 18.6 %
21:48:35 QUANTAXIS>>> ##JOB04 Now Saving INDEX_DAY==== 
 Trying updating 000905 from 2018-04-24 to 2018-04-25
21:48:35 QUANTAXIS>>> The 181 of Total 967
21:48:35 QUANTAXIS>>> DOWNLOAD PROGRESS 18.7 %
21:48:36 QUANTAXIS>>> ##JOB04 Now Saving INDEX_DAY==== 
 Trying updating 000906 from 2018-04-24 to 2018-04-25
21:48:36 QUANTAXIS>>> The 182 of Total 967
21:48:36 QUANTAXIS>>> DOWNLOAD PROGRESS 18.8 %
21:48:36 QUANTAXIS>>> ##JOB04 Now Saving INDEX_DAY==== 
 Trying updating 000908 from 2018-04-24 to 2018-04-25
21:48:36 QUANTAXIS>>> The 183 of Total 967
21:48:36 QUANTAXIS>>> DOWNLOAD PROGRESS 18.9 %
21:48:36 QUANTAXIS>>> ##JOB04 Now Saving INDEX_DAY==== 
 Trying updating 000909 from 2018-04-24 to 2018-04-25
21:48:36 QUANTAXIS>>> The 184 of Total 967
21:48:36 QUANTAXIS>>> DOWNLOAD PROGRESS 19.0 %
21:48:36 QUANTAXIS>>> ##JOB04 Now Saving INDEX_DAY==== 
 Trying updating 000910 from 2018-04-24 to 2018-04-25
21:48:36 QUANTAXIS>>> The 185 of Total 967
21:48:36 QUANTAXIS>>> DOWNLOAD PROGRESS 19.1 %
21:48:36 QUANTAXIS>>> ##JOB04 Now Saving INDEX_DAY==== 
 Trying updating 000911 from 2018-04-24 to 2018-04-25
21:48:36 QUANTAXIS>>> The 186 of Total 967
21:48:36 QUANTAXIS>>> DOWNLOAD PROGRESS 19.2 %
21:48:36 QUANTAXIS>>> ##JOB04 Now Saving INDEX_DAY==== 
 Trying updating 000912 from 2018-04-24 to 2018-04-25
21:48:36 QUANTAXIS>>> The 187 of Total 967
21:48:36 QUANTAXIS>>> DOWNLOAD PROGRESS 19.3 %
21:48:36 QUANTAXIS>>> ##JOB04 Now Saving INDEX_DAY==== 
 Trying updating 000913 from 2018-04-24 to 2018-04-25
21:48:36 QUANTAXIS>>> The 188 of Total 967
21:48:36 QUANTAXIS>>> DOWNLOAD PROGRESS 19.4 %
21:48:36 QUANTAXIS>>> ##JOB04 Now Saving INDEX_DAY==== 
 Trying updating 000914 from 2018-04-24 to 2018-04-25
21:48:36 QUANTAXIS>>> The 189 of Total 967
21:48:36 QUANTAXIS>>> DOWNLOAD PROGRESS 19.5 %
21:48:36 QUANTAXIS>>> ##JOB04 Now Saving INDEX_DAY==== 
 Trying updating 000917 from 2018-04-24 to 2018-04-25
21:48:36 QUANTAXIS>>> The 190 of Total 967
21:48:36 QUANTAXIS>>> DOWNLOAD PROGRESS 19.6 %
21:48:36 QUANTAXIS>>> ##JOB04 Now Saving INDEX_DAY==== 
 Trying updating 000918 from 2018-04-24 to 2018-04-25
21:48:36 QUANTAXIS>>> The 191 of Total 967
21:48:36 QUANTAXIS>>> DOWNLOAD PROGRESS 19.7 %
21:48:36 QUANTAXIS>>> ##JOB04 Now Saving INDEX_DAY==== 
 Trying updating 000919 from 2018-04-24 to 2018-04-25
21:48:36 QUANTAXIS>>> The 192 of Total 967
21:48:36 QUANTAXIS>>> DOWNLOAD PROGRESS 19.8 %
21:48:36 QUANTAXIS>>> ##JOB04 Now Saving INDEX_DAY==== 
 Trying updating 000922 from 2018-04-24 to 2018-04-25
21:48:36 QUANTAXIS>>> The 193 of Total 967
21:48:36 QUANTAXIS>>> DOWNLOAD PROGRESS 19.9 %
21:48:36 QUANTAXIS>>> ##JOB04 Now Saving INDEX_DAY==== 
 Trying updating 000925 from 2018-04-24 to 2018-04-25
21:48:36 QUANTAXIS>>> The 194 of Total 967
21:48:36 QUANTAXIS>>> DOWNLOAD PROGRESS 20.0 %
21:48:36 QUANTAXIS>>> ##JOB04 Now Saving INDEX_DAY==== 
 Trying updating 000928 from 2018-04-24 to 2018-04-25
21:48:36 QUANTAXIS>>> The 195 of Total 967
21:48:36 QUANTAXIS>>> DOWNLOAD PROGRESS 20.1 %
21:48:36 QUANTAXIS>>> ##JOB04 Now Saving INDEX_DAY==== 
 Trying updating 000931 from 2018-04-24 to 2018-04-25
21:48:36 QUANTAXIS>>> The 196 of Total 967
21:48:36 QUANTAXIS>>> DOWNLOAD PROGRESS 20.2 %
21:48:36 QUANTAXIS>>> ##JOB04 Now Saving INDEX_DAY==== 
 Trying updating 000932 from 2018-04-24 to 2018-04-25
21:48:36 QUANTAXIS>>> The 197 of Total 967
21:48:36 QUANTAXIS>>> DOWNLOAD PROGRESS 20.3 %
21:48:36 QUANTAXIS>>> ##JOB04 Now Saving INDEX_DAY==== 
 Trying updating 000933 from 2018-04-24 to 2018-04-25
21:48:36 QUANTAXIS>>> The 198 of Total 967
21:48:36 QUANTAXIS>>> DOWNLOAD PROGRESS 20.4 %
21:48:36 QUANTAXIS>>> ##JOB04 Now Saving INDEX_DAY==== 
 Trying updating 000934 from 2018-04-24 to 2018-04-25
21:48:36 QUANTAXIS>>> The 199 of Total 967
21:48:36 QUANTAXIS>>> DOWNLOAD PROGRESS 20.5 %
21:48:36 QUANTAXIS>>> ##JOB04 Now Saving INDEX_DAY==== 
 Trying updating 000935 from 2018-04-24 to 2018-04-25
21:48:36 QUANTAXIS>>> The 200 of Total 967
21:48:36 QUANTAXIS>>> DOWNLOAD PROGRESS 20.6 %
21:48:36 QUANTAXIS>>> ##JOB04 Now Saving INDEX_DAY==== 
 Trying updating 000939 from 2018-04-24 to 2018-04-25
21:48:36 QUANTAXIS>>> The 201 of Total 967
21:48:36 QUANTAXIS>>> DOWNLOAD PROGRESS 20.7 %
21:48:36 QUANTAXIS>>> ##JOB04 Now Saving INDEX_DAY==== 
 Trying updating 000940 from 2018-04-24 to 2018-04-25
21:48:36 QUANTAXIS>>> The 202 of Total 967
21:48:36 QUANTAXIS>>> DOWNLOAD PROGRESS 20.8 %
21:48:36 QUANTAXIS>>> ##JOB04 Now Saving INDEX_DAY==== 
 Trying updating 000944 from 2018-04-24 to 2018-04-25
21:48:36 QUANTAXIS>>> The 203 of Total 967
21:48:36 QUANTAXIS>>> DOWNLOAD PROGRESS 20.9 %
21:48:36 QUANTAXIS>>> ##JOB04 Now Saving INDEX_DAY==== 
 Trying updating 000950 from 2018-04-24 to 2018-04-25
21:48:36 QUANTAXIS>>> The 204 of Total 967
21:48:36 QUANTAXIS>>> DOWNLOAD PROGRESS 21.0 %
21:48:36 QUANTAXIS>>> ##JOB04 Now Saving INDEX_DAY==== 
 Trying updating 000951 from 2018-04-24 to 2018-04-25
21:48:36 QUANTAXIS>>> The 205 of Total 967
21:48:36 QUANTAXIS>>> DOWNLOAD PROGRESS 21.1 %
21:48:36 QUANTAXIS>>> ##JOB04 Now Saving INDEX_DAY==== 
 Trying updating 000952 from 2018-04-24 to 2018-04-25
21:48:36 QUANTAXIS>>> The 206 of Total 967
21:48:36 QUANTAXIS>>> DOWNLOAD PROGRESS 21.3 %
21:48:36 QUANTAXIS>>> ##JOB04 Now Saving INDEX_DAY==== 
 Trying updating 000957 from 2018-04-24 to 2018-04-25
21:48:36 QUANTAXIS>>> The 207 of Total 967
21:48:36 QUANTAXIS>>> DOWNLOAD PROGRESS 21.4 %
21:48:36 QUANTAXIS>>> ##JOB04 Now Saving INDEX_DAY==== 
 Trying updating 000958 from 2018-04-24 to 2018-04-25
21:48:36 QUANTAXIS>>> The 208 of Total 967
21:48:36 QUANTAXIS>>> DOWNLOAD PROGRESS 21.5 %
21:48:36 QUANTAXIS>>> ##JOB04 Now Saving INDEX_DAY==== 
 Trying updating 000959 from 2018-04-24 to 2018-04-25
21:48:36 QUANTAXIS>>> The 209 of Total 967
21:48:36 QUANTAXIS>>> DOWNLOAD PROGRESS 21.6 %
21:48:36 QUANTAXIS>>> ##JOB04 Now Saving INDEX_DAY==== 
 Trying updating 000961 from 2018-04-24 to 2018-04-25
21:48:36 QUANTAXIS>>> The 210 of Total 967
21:48:36 QUANTAXIS>>> DOWNLOAD PROGRESS 21.7 %
21:48:36 QUANTAXIS>>> ##JOB04 Now Saving INDEX_DAY==== 
 Trying updating 000963 from 2018-04-24 to 2018-04-25
21:48:36 QUANTAXIS>>> The 211 of Total 967
21:48:36 QUANTAXIS>>> DOWNLOAD PROGRESS 21.8 %
21:48:36 QUANTAXIS>>> ##JOB04 Now Saving INDEX_DAY==== 
 Trying updating 000964 from 2018-04-24 to 2018-04-25
21:48:36 QUANTAXIS>>> The 212 of Total 967
21:48:36 QUANTAXIS>>> DOWNLOAD PROGRESS 21.9 %
21:48:36 QUANTAXIS>>> ##JOB04 Now Saving INDEX_DAY==== 
 Trying updating 000966 from 2018-04-24 to 2018-04-25
21:48:36 QUANTAXIS>>> The 213 of Total 967
21:48:36 QUANTAXIS>>> DOWNLOAD PROGRESS 22.0 %
21:48:36 QUANTAXIS>>> ##JOB04 Now Saving INDEX_DAY==== 
 Trying updating 000969 from 2018-04-24 to 2018-04-25
21:48:36 QUANTAXIS>>> The 214 of Total 967
21:48:36 QUANTAXIS>>> DOWNLOAD PROGRESS 22.1 %
21:48:36 QUANTAXIS>>> ##JOB04 Now Saving INDEX_DAY==== 
 Trying updating 000971 from 2018-04-24 to 2018-04-25
21:48:36 QUANTAXIS>>> The 215 of Total 967
21:48:36 QUANTAXIS>>> DOWNLOAD PROGRESS 22.2 %
21:48:36 QUANTAXIS>>> ##JOB04 Now Saving INDEX_DAY==== 
 Trying updating 000974 from 2018-04-24 to 2018-04-25
21:48:36 QUANTAXIS>>> The 216 of Total 967
21:48:36 QUANTAXIS>>> DOWNLOAD PROGRESS 22.3 %
21:48:36 QUANTAXIS>>> ##JOB04 Now Saving INDEX_DAY==== 
 Trying updating 000975 from 2018-04-24 to 2018-04-25
21:48:36 QUANTAXIS>>> The 217 of Total 967
21:48:36 QUANTAXIS>>> DOWNLOAD PROGRESS 22.4 %
21:48:36 QUANTAXIS>>> ##JOB04 Now Saving INDEX_DAY==== 
 Trying updating 000977 from 2018-04-24 to 2018-04-25
21:48:36 QUANTAXIS>>> The 218 of Total 967
21:48:36 QUANTAXIS>>> DOWNLOAD PROGRESS 22.5 %
21:48:36 QUANTAXIS>>> ##JOB04 Now Saving INDEX_DAY==== 
 Trying updating 000978 from 2018-04-24 to 2018-04-25
21:48:36 QUANTAXIS>>> The 219 of Total 967
21:48:36 QUANTAXIS>>> DOWNLOAD PROGRESS 22.6 %
21:48:36 QUANTAXIS>>> ##JOB04 Now Saving INDEX_DAY==== 
 Trying updating 000979 from 2018-04-24 to 2018-04-25
21:48:36 QUANTAXIS>>> The 220 of Total 967
21:48:36 QUANTAXIS>>> DOWNLOAD PROGRESS 22.7 %
21:48:36 QUANTAXIS>>> ##JOB04 Now Saving INDEX_DAY==== 
 Trying updating 000982 from 2018-04-24 to 2018-04-25
21:48:36 QUANTAXIS>>> The 221 of Total 967
21:48:36 QUANTAXIS>>> DOWNLOAD PROGRESS 22.8 %
21:48:36 QUANTAXIS>>> ##JOB04 Now Saving INDEX_DAY==== 
 Trying updating 000983 from 2018-04-24 to 2018-04-25
21:48:36 QUANTAXIS>>> The 222 of Total 967
21:48:36 QUANTAXIS>>> DOWNLOAD PROGRESS 22.9 %
21:48:36 QUANTAXIS>>> ##JOB04 Now Saving INDEX_DAY==== 
 Trying updating 000984 from 2018-04-24 to 2018-04-25
21:48:36 QUANTAXIS>>> The 223 of Total 967
21:48:36 QUANTAXIS>>> DOWNLOAD PROGRESS 23.0 %
21:48:36 QUANTAXIS>>> ##JOB04 Now Saving INDEX_DAY==== 
 Trying updating 000986 from 2018-04-24 to 2018-04-25
21:48:36 QUANTAXIS>>> The 224 of Total 967
21:48:36 QUANTAXIS>>> DOWNLOAD PROGRESS 23.1 %
21:48:36 QUANTAXIS>>> ##JOB04 Now Saving INDEX_DAY==== 
 Trying updating 000987 from 2018-04-24 to 2018-04-25
21:48:36 QUANTAXIS>>> The 225 of Total 967
21:48:36 QUANTAXIS>>> DOWNLOAD PROGRESS 23.2 %
21:48:36 QUANTAXIS>>> ##JOB04 Now Saving INDEX_DAY==== 
 Trying updating 000989 from 2018-04-24 to 2018-04-25
21:48:36 QUANTAXIS>>> The 226 of Total 967
21:48:36 QUANTAXIS>>> DOWNLOAD PROGRESS 23.3 %
21:48:36 QUANTAXIS>>> ##JOB04 Now Saving INDEX_DAY==== 
 Trying updating 000990 from 2018-04-24 to 2018-04-25
21:48:36 QUANTAXIS>>> The 227 of Total 967
21:48:36 QUANTAXIS>>> DOWNLOAD PROGRESS 23.4 %
21:48:36 QUANTAXIS>>> ##JOB04 Now Saving INDEX_DAY==== 
 Trying updating 000991 from 2018-04-24 to 2018-04-25
21:48:36 QUANTAXIS>>> The 228 of Total 967
21:48:36 QUANTAXIS>>> DOWNLOAD PROGRESS 23.5 %
21:48:36 QUANTAXIS>>> ##JOB04 Now Saving INDEX_DAY==== 
 Trying updating 000992 from 2018-04-24 to 2018-04-25
21:48:36 QUANTAXIS>>> The 229 of Total 967
21:48:36 QUANTAXIS>>> DOWNLOAD PROGRESS 23.6 %
21:48:36 QUANTAXIS>>> ##JOB04 Now Saving INDEX_DAY==== 
 Trying updating 000993 from 2018-04-24 to 2018-04-25
21:48:36 QUANTAXIS>>> The 230 of Total 967
21:48:36 QUANTAXIS>>> DOWNLOAD PROGRESS 23.7 %
21:48:36 QUANTAXIS>>> ##JOB04 Now Saving INDEX_DAY==== 
 Trying updating 000998 from 2018-04-24 to 2018-04-25
21:48:36 QUANTAXIS>>> The 231 of Total 967
21:48:36 QUANTAXIS>>> DOWNLOAD PROGRESS 23.8 %
21:48:36 QUANTAXIS>>> ##JOB04 Now Saving INDEX_DAY==== 
 Trying updating 000999 from 2018-04-24 to 2018-04-25
21:48:36 QUANTAXIS>>> The 232 of Total 967
21:48:36 QUANTAXIS>>> DOWNLOAD PROGRESS 23.9 %
21:48:36 QUANTAXIS>>> ##JOB04 Now Saving INDEX_DAY==== 
 Trying updating 010107 from 1990-01-01 to 2018-04-25
21:48:37 QUANTAXIS>>> The 233 of Total 967
21:48:37 QUANTAXIS>>> DOWNLOAD PROGRESS 24.0 %
21:48:37 QUANTAXIS>>> ##JOB04 Now Saving INDEX_DAY==== 
 Trying updating 010303 from 1990-01-01 to 2018-04-25
21:48:38 QUANTAXIS>>> The 234 of Total 967
21:48:38 QUANTAXIS>>> DOWNLOAD PROGRESS 24.1 %
21:48:38 QUANTAXIS>>> ##JOB04 Now Saving INDEX_DAY==== 
 Trying updating 010504 from 1990-01-01 to 2018-04-25
21:48:38 QUANTAXIS>>> The 235 of Total 967
21:48:38 QUANTAXIS>>> DOWNLOAD PROGRESS 24.3 %
21:48:38 QUANTAXIS>>> ##JOB04 Now Saving INDEX_DAY==== 
 Trying updating 010512 from 1990-01-01 to 2018-04-25
21:48:39 QUANTAXIS>>> The 236 of Total 967
21:48:39 QUANTAXIS>>> DOWNLOAD PROGRESS 24.4 %
21:48:39 QUANTAXIS>>> ##JOB04 Now Saving INDEX_DAY==== 
 Trying updating 010609 from 1990-01-01 to 2018-04-25
21:48:39 QUANTAXIS>>> The 237 of Total 967
21:48:39 QUANTAXIS>>> DOWNLOAD PROGRESS 24.5 %
21:48:39 QUANTAXIS>>> ##JOB04 Now Saving INDEX_DAY==== 
 Trying updating 010619 from 1990-01-01 to 2018-04-25
21:48:40 QUANTAXIS>>> The 238 of Total 967
21:48:40 QUANTAXIS>>> DOWNLOAD PROGRESS 24.6 %
21:48:40 QUANTAXIS>>> ##JOB04 Now Saving INDEX_DAY==== 
 Trying updating 010706 from 1990-01-01 to 2018-04-25
21:48:40 QUANTAXIS>>> The 239 of Total 967
21:48:40 QUANTAXIS>>> DOWNLOAD PROGRESS 24.7 %
21:48:40 QUANTAXIS>>> ##JOB04 Now Saving INDEX_DAY==== 
 Trying updating 010713 from 1990-01-01 to 2018-04-25
21:48:41 QUANTAXIS>>> The 240 of Total 967
21:48:41 QUANTAXIS>>> DOWNLOAD PROGRESS 24.8 %
21:48:41 QUANTAXIS>>> ##JOB04 Now Saving INDEX_DAY==== 
 Trying updating 018002 from 1990-01-01 to 2018-04-25
21:48:41 QUANTAXIS>>> The 241 of Total 967
21:48:41 QUANTAXIS>>> DOWNLOAD PROGRESS 24.9 %
21:48:41 QUANTAXIS>>> ##JOB04 Now Saving INDEX_DAY==== 
 Trying updating 018003 from 1990-01-01 to 2018-04-25
21:48:42 QUANTAXIS>>> The 242 of Total 967
21:48:42 QUANTAXIS>>> DOWNLOAD PROGRESS 25.0 %
21:48:42 QUANTAXIS>>> ##JOB04 Now Saving INDEX_DAY==== 
 Trying updating 018005 from 1990-01-01 to 2018-04-25
21:48:42 QUANTAXIS>>> The 243 of Total 967
21:48:42 QUANTAXIS>>> DOWNLOAD PROGRESS 25.1 %
21:48:42 QUANTAXIS>>> ##JOB04 Now Saving INDEX_DAY==== 
 Trying updating 018006 from 1990-01-01 to 2018-04-25
21:48:43 QUANTAXIS>>> The 244 of Total 967
21:48:43 QUANTAXIS>>> DOWNLOAD PROGRESS 25.2 %
21:48:43 QUANTAXIS>>> ##JOB04 Now Saving INDEX_DAY==== 
 Trying updating 019002 from 1990-01-01 to 2018-04-25
21:48:43 QUANTAXIS>>> The 245 of Total 967
21:48:44 QUANTAXIS>>> DOWNLOAD PROGRESS 25.3 %
21:48:44 QUANTAXIS>>> ##JOB04 Now Saving INDEX_DAY==== 
 Trying updating 019003 from 1990-01-01 to 2018-04-25
21:48:44 QUANTAXIS>>> The 246 of Total 967
21:48:44 QUANTAXIS>>> DOWNLOAD PROGRESS 25.4 %
21:48:44 QUANTAXIS>>> ##JOB04 Now Saving INDEX_DAY==== 
 Trying updating 019007 from 1990-01-01 to 2018-04-25
21:48:45 QUANTAXIS>>> The 247 of Total 967
21:48:45 QUANTAXIS>>> DOWNLOAD PROGRESS 25.5 %
21:48:45 QUANTAXIS>>> ##JOB04 Now Saving INDEX_DAY==== 
 Trying updating 019009 from 1990-01-01 to 2018-04-25
21:48:45 QUANTAXIS>>> The 248 of Total 967
21:48:45 QUANTAXIS>>> DOWNLOAD PROGRESS 25.6 %
21:48:45 QUANTAXIS>>> ##JOB04 Now Saving INDEX_DAY==== 
 Trying updating 019012 from 1990-01-01 to 2018-04-25
21:48:46 QUANTAXIS>>> The 249 of Total 967
21:48:46 QUANTAXIS>>> DOWNLOAD PROGRESS 25.7 %
21:48:46 QUANTAXIS>>> ##JOB04 Now Saving INDEX_DAY==== 
 Trying updating 019014 from 1990-01-01 to 2018-04-25
21:48:46 QUANTAXIS>>> The 250 of Total 967
21:48:46 QUANTAXIS>>> DOWNLOAD PROGRESS 25.8 %
21:48:46 QUANTAXIS>>> ##JOB04 Now Saving INDEX_DAY==== 
 Trying updating 019018 from 1990-01-01 to 2018-04-25
21:48:47 QUANTAXIS>>> The 251 of Total 967
21:48:47 QUANTAXIS>>> DOWNLOAD PROGRESS 25.9 %
21:48:47 QUANTAXIS>>> ##JOB04 Now Saving INDEX_DAY==== 
 Trying updating 019019 from 1990-01-01 to 2018-04-25
21:48:47 QUANTAXIS>>> The 252 of Total 967
21:48:47 QUANTAXIS>>> DOWNLOAD PROGRESS 26.0 %
21:48:47 QUANTAXIS>>> ##JOB04 Now Saving INDEX_DAY==== 
 Trying updating 019023 from 1990-01-01 to 2018-04-25
21:48:48 QUANTAXIS>>> The 253 of Total 967
21:48:48 QUANTAXIS>>> DOWNLOAD PROGRESS 26.1 %
21:48:48 QUANTAXIS>>> ##JOB04 Now Saving INDEX_DAY==== 
 Trying updating 019024 from 1990-01-01 to 2018-04-25
21:48:48 QUANTAXIS>>> The 254 of Total 967
21:48:48 QUANTAXIS>>> DOWNLOAD PROGRESS 26.2 %
21:48:48 QUANTAXIS>>> ##JOB04 Now Saving INDEX_DAY==== 
 Trying updating 019026 from 1990-01-01 to 2018-04-25
21:48:49 QUANTAXIS>>> The 255 of Total 967
21:48:49 QUANTAXIS>>> DOWNLOAD PROGRESS 26.3 %
21:48:49 QUANTAXIS>>> ##JOB04 Now Saving INDEX_DAY==== 
 Trying updating 019029 from 1990-01-01 to 2018-04-25
21:48:49 QUANTAXIS>>> The 256 of Total 967
21:48:49 QUANTAXIS>>> DOWNLOAD PROGRESS 26.4 %
21:48:49 QUANTAXIS>>> ##JOB04 Now Saving INDEX_DAY==== 
 Trying updating 019031 from 1990-01-01 to 2018-04-25
21:48:50 QUANTAXIS>>> The 257 of Total 967
21:48:50 QUANTAXIS>>> DOWNLOAD PROGRESS 26.5 %
21:48:50 QUANTAXIS>>> ##JOB04 Now Saving INDEX_DAY==== 
 Trying updating 019034 from 1990-01-01 to 2018-04-25
21:48:50 QUANTAXIS>>> The 258 of Total 967
21:48:50 QUANTAXIS>>> DOWNLOAD PROGRESS 26.6 %
21:48:50 QUANTAXIS>>> ##JOB04 Now Saving INDEX_DAY==== 
 Trying updating 019037 from 1990-01-01 to 2018-04-25
21:48:51 QUANTAXIS>>> The 259 of Total 967
21:48:51 QUANTAXIS>>> DOWNLOAD PROGRESS 26.7 %
21:48:51 QUANTAXIS>>> ##JOB04 Now Saving INDEX_DAY==== 
 Trying updating 019040 from 1990-01-01 to 2018-04-25
21:48:51 QUANTAXIS>>> The 260 of Total 967
21:48:51 QUANTAXIS>>> DOWNLOAD PROGRESS 26.8 %
21:48:51 QUANTAXIS>>> ##JOB04 Now Saving INDEX_DAY==== 
 Trying updating 019041 from 1990-01-01 to 2018-04-25
21:48:52 QUANTAXIS>>> The 261 of Total 967
21:48:52 QUANTAXIS>>> DOWNLOAD PROGRESS 26.9 %
21:48:52 QUANTAXIS>>> ##JOB04 Now Saving INDEX_DAY==== 
 Trying updating 019102 from 1990-01-01 to 2018-04-25
21:48:52 QUANTAXIS>>> The 262 of Total 967
21:48:52 QUANTAXIS>>> DOWNLOAD PROGRESS 27.0 %
21:48:52 QUANTAXIS>>> ##JOB04 Now Saving INDEX_DAY==== 
 Trying updating 019105 from 1990-01-01 to 2018-04-25
21:48:53 QUANTAXIS>>> The 263 of Total 967
21:48:53 QUANTAXIS>>> DOWNLOAD PROGRESS 27.1 %
21:48:53 QUANTAXIS>>> ##JOB04 Now Saving INDEX_DAY==== 
 Trying updating 019108 from 1990-01-01 to 2018-04-25
21:48:54 QUANTAXIS>>> The 264 of Total 967
21:48:54 QUANTAXIS>>> DOWNLOAD PROGRESS 27.3 %
21:48:54 QUANTAXIS>>> ##JOB04 Now Saving INDEX_DAY==== 
 Trying updating 019110 from 1990-01-01 to 2018-04-25
21:48:54 QUANTAXIS>>> The 265 of Total 967
21:48:54 QUANTAXIS>>> DOWNLOAD PROGRESS 27.4 %
21:48:54 QUANTAXIS>>> ##JOB04 Now Saving INDEX_DAY==== 
 Trying updating 019112 from 1990-01-01 to 2018-04-25
21:48:55 QUANTAXIS>>> The 266 of Total 967
21:48:55 QUANTAXIS>>> DOWNLOAD PROGRESS 27.5 %
21:48:55 QUANTAXIS>>> ##JOB04 Now Saving INDEX_DAY==== 
 Trying updating 019115 from 1990-01-01 to 2018-04-25
21:48:55 QUANTAXIS>>> The 267 of Total 967
21:48:55 QUANTAXIS>>> DOWNLOAD PROGRESS 27.6 %
21:48:55 QUANTAXIS>>> ##JOB04 Now Saving INDEX_DAY==== 
 Trying updating 019116 from 1990-01-01 to 2018-04-25
21:48:56 QUANTAXIS>>> The 268 of Total 967
21:48:56 QUANTAXIS>>> DOWNLOAD PROGRESS 27.7 %
21:48:56 QUANTAXIS>>> ##JOB04 Now Saving INDEX_DAY==== 
 Trying updating 019117 from 1990-01-01 to 2018-04-25
21:48:56 QUANTAXIS>>> The 269 of Total 967
21:48:56 QUANTAXIS>>> DOWNLOAD PROGRESS 27.8 %
21:48:56 QUANTAXIS>>> ##JOB04 Now Saving INDEX_DAY==== 
 Trying updating 019119 from 1990-01-01 to 2018-04-25
21:48:57 QUANTAXIS>>> The 270 of Total 967
21:48:57 QUANTAXIS>>> DOWNLOAD PROGRESS 27.9 %
21:48:57 QUANTAXIS>>> ##JOB04 Now Saving INDEX_DAY==== 
 Trying updating 019121 from 1990-01-01 to 2018-04-25
21:48:57 QUANTAXIS>>> The 271 of Total 967
21:48:57 QUANTAXIS>>> DOWNLOAD PROGRESS 28.0 %
21:48:57 QUANTAXIS>>> ##JOB04 Now Saving INDEX_DAY==== 
 Trying updating 019123 from 1990-01-01 to 2018-04-25
21:48:58 QUANTAXIS>>> The 272 of Total 967
21:48:58 QUANTAXIS>>> DOWNLOAD PROGRESS 28.1 %
21:48:58 QUANTAXIS>>> ##JOB04 Now Saving INDEX_DAY==== 
 Trying updating 019124 from 1990-01-01 to 2018-04-25
21:48:59 QUANTAXIS>>> The 273 of Total 967
21:48:59 QUANTAXIS>>> DOWNLOAD PROGRESS 28.2 %
21:48:59 QUANTAXIS>>> ##JOB04 Now Saving INDEX_DAY==== 
 Trying updating 019204 from 1990-01-01 to 2018-04-25
21:48:59 QUANTAXIS>>> The 274 of Total 967
21:48:59 QUANTAXIS>>> DOWNLOAD PROGRESS 28.3 %
21:48:59 QUANTAXIS>>> ##JOB04 Now Saving INDEX_DAY==== 
 Trying updating 019205 from 1990-01-01 to 2018-04-25
21:48:59 QUANTAXIS>>> The 275 of Total 967
21:48:59 QUANTAXIS>>> DOWNLOAD PROGRESS 28.4 %
21:48:59 QUANTAXIS>>> ##JOB04 Now Saving INDEX_DAY==== 
 Trying updating 019206 from 1990-01-01 to 2018-04-25
21:49:00 QUANTAXIS>>> The 276 of Total 967
21:49:00 QUANTAXIS>>> DOWNLOAD PROGRESS 28.5 %
21:49:00 QUANTAXIS>>> ##JOB04 Now Saving INDEX_DAY==== 
 Trying updating 019208 from 1990-01-01 to 2018-04-25
21:49:01 QUANTAXIS>>> The 277 of Total 967
21:49:01 QUANTAXIS>>> DOWNLOAD PROGRESS 28.6 %
21:49:01 QUANTAXIS>>> ##JOB04 Now Saving INDEX_DAY==== 
 Trying updating 019209 from 1990-01-01 to 2018-04-25
21:49:01 QUANTAXIS>>> The 278 of Total 967
21:49:01 QUANTAXIS>>> DOWNLOAD PROGRESS 28.7 %
21:49:01 QUANTAXIS>>> ##JOB04 Now Saving INDEX_DAY==== 
 Trying updating 019210 from 1990-01-01 to 2018-04-25
21:49:02 QUANTAXIS>>> The 279 of Total 967
21:49:02 QUANTAXIS>>> DOWNLOAD PROGRESS 28.8 %
21:49:02 QUANTAXIS>>> ##JOB04 Now Saving INDEX_DAY==== 
 Trying updating 019212 from 1990-01-01 to 2018-04-25
21:49:02 QUANTAXIS>>> The 280 of Total 967
21:49:02 QUANTAXIS>>> DOWNLOAD PROGRESS 28.9 %
21:49:02 QUANTAXIS>>> ##JOB04 Now Saving INDEX_DAY==== 
 Trying updating 019213 from 1990-01-01 to 2018-04-25
21:49:03 QUANTAXIS>>> The 281 of Total 967
21:49:03 QUANTAXIS>>> DOWNLOAD PROGRESS 29.0 %
21:49:03 QUANTAXIS>>> ##JOB04 Now Saving INDEX_DAY==== 
 Trying updating 019215 from 1990-01-01 to 2018-04-25
21:49:03 QUANTAXIS>>> The 282 of Total 967
21:49:03 QUANTAXIS>>> DOWNLOAD PROGRESS 29.1 %
21:49:03 QUANTAXIS>>> ##JOB04 Now Saving INDEX_DAY==== 
 Trying updating 019216 from 1990-01-01 to 2018-04-25
21:49:03 QUANTAXIS>>> The 283 of Total 967
21:49:03 QUANTAXIS>>> DOWNLOAD PROGRESS 29.2 %
21:49:03 QUANTAXIS>>> ##JOB04 Now Saving INDEX_DAY==== 
 Trying updating 019218 from 1990-01-01 to 2018-04-25
21:49:04 QUANTAXIS>>> The 284 of Total 967
21:49:04 QUANTAXIS>>> DOWNLOAD PROGRESS 29.3 %
21:49:04 QUANTAXIS>>> ##JOB04 Now Saving INDEX_DAY==== 
 Trying updating 019220 from 1990-01-01 to 2018-04-25
21:49:04 QUANTAXIS>>> The 285 of Total 967
21:49:04 QUANTAXIS>>> DOWNLOAD PROGRESS 29.4 %
21:49:04 QUANTAXIS>>> ##JOB04 Now Saving INDEX_DAY==== 
 Trying updating 019221 from 1990-01-01 to 2018-04-25
21:49:05 QUANTAXIS>>> The 286 of Total 967
21:49:05 QUANTAXIS>>> DOWNLOAD PROGRESS 29.5 %
21:49:05 QUANTAXIS>>> ##JOB04 Now Saving INDEX_DAY==== 
 Trying updating 019303 from 1990-01-01 to 2018-04-25
21:49:06 QUANTAXIS>>> The 287 of Total 967
21:49:06 QUANTAXIS>>> DOWNLOAD PROGRESS 29.6 %
21:49:06 QUANTAXIS>>> ##JOB04 Now Saving INDEX_DAY==== 
 Trying updating 019305 from 1990-01-01 to 2018-04-25
21:49:06 QUANTAXIS>>> The 288 of Total 967
21:49:06 QUANTAXIS>>> DOWNLOAD PROGRESS 29.7 %
21:49:06 QUANTAXIS>>> ##JOB04 Now Saving INDEX_DAY==== 
 Trying updating 019308 from 1990-01-01 to 2018-04-25
21:49:07 QUANTAXIS>>> The 289 of Total 967
21:49:07 QUANTAXIS>>> DOWNLOAD PROGRESS 29.8 %
21:49:07 QUANTAXIS>>> ##JOB04 Now Saving INDEX_DAY==== 
 Trying updating 019309 from 1990-01-01 to 2018-04-25
21:49:07 QUANTAXIS>>> The 290 of Total 967
21:49:07 QUANTAXIS>>> DOWNLOAD PROGRESS 29.9 %
21:49:07 QUANTAXIS>>> ##JOB04 Now Saving INDEX_DAY==== 
 Trying updating 019310 from 1990-01-01 to 2018-04-25
21:49:08 QUANTAXIS>>> The 291 of Total 967
21:49:08 QUANTAXIS>>> DOWNLOAD PROGRESS 30.0 %
21:49:08 QUANTAXIS>>> ##JOB04 Now Saving INDEX_DAY==== 
 Trying updating 019311 from 1990-01-01 to 2018-04-25
21:49:10 QUANTAXIS>>> The 292 of Total 967
21:49:10 QUANTAXIS>>> DOWNLOAD PROGRESS 30.1 %
21:49:10 QUANTAXIS>>> ##JOB04 Now Saving INDEX_DAY==== 
 Trying updating 019313 from 1990-01-01 to 2018-04-25
21:49:10 QUANTAXIS>>> The 293 of Total 967
21:49:10 QUANTAXIS>>> DOWNLOAD PROGRESS 30.2 %
21:49:10 QUANTAXIS>>> ##JOB04 Now Saving INDEX_DAY==== 
 Trying updating 019315 from 1990-01-01 to 2018-04-25
21:49:11 QUANTAXIS>>> The 294 of Total 967
21:49:11 QUANTAXIS>>> DOWNLOAD PROGRESS 30.4 %
21:49:11 QUANTAXIS>>> ##JOB04 Now Saving INDEX_DAY==== 
 Trying updating 019316 from 1990-01-01 to 2018-04-25
21:49:11 QUANTAXIS>>> The 295 of Total 967
21:49:11 QUANTAXIS>>> DOWNLOAD PROGRESS 30.5 %
21:49:11 QUANTAXIS>>> ##JOB04 Now Saving INDEX_DAY==== 
 Trying updating 019318 from 1990-01-01 to 2018-04-25
21:49:12 QUANTAXIS>>> The 296 of Total 967
21:49:12 QUANTAXIS>>> DOWNLOAD PROGRESS 30.6 %
21:49:12 QUANTAXIS>>> ##JOB04 Now Saving INDEX_DAY==== 
 Trying updating 019319 from 1990-01-01 to 2018-04-25
21:49:12 QUANTAXIS>>> The 297 of Total 967
21:49:12 QUANTAXIS>>> DOWNLOAD PROGRESS 30.7 %
21:49:12 QUANTAXIS>>> ##JOB04 Now Saving INDEX_DAY==== 
 Trying updating 019320 from 1990-01-01 to 2018-04-25
21:49:13 QUANTAXIS>>> The 298 of Total 967
21:49:13 QUANTAXIS>>> DOWNLOAD PROGRESS 30.8 %
21:49:13 QUANTAXIS>>> ##JOB04 Now Saving INDEX_DAY==== 
 Trying updating 019323 from 1990-01-01 to 2018-04-25
21:49:13 QUANTAXIS>>> The 299 of Total 967
21:49:13 QUANTAXIS>>> DOWNLOAD PROGRESS 30.9 %
21:49:13 QUANTAXIS>>> ##JOB04 Now Saving INDEX_DAY==== 
 Trying updating 019324 from 1990-01-01 to 2018-04-25
21:49:14 QUANTAXIS>>> The 300 of Total 967
21:49:14 QUANTAXIS>>> DOWNLOAD PROGRESS 31.0 %
21:49:14 QUANTAXIS>>> ##JOB04 Now Saving INDEX_DAY==== 
 Trying updating 019325 from 1990-01-01 to 2018-04-25
21:49:14 QUANTAXIS>>> The 301 of Total 967
21:49:14 QUANTAXIS>>> DOWNLOAD PROGRESS 31.1 %
21:49:14 QUANTAXIS>>> ##JOB04 Now Saving INDEX_DAY==== 
 Trying updating 019401 from 1990-01-01 to 2018-04-25
21:49:15 QUANTAXIS>>> The 302 of Total 967
21:49:15 QUANTAXIS>>> DOWNLOAD PROGRESS 31.2 %
21:49:15 QUANTAXIS>>> ##JOB04 Now Saving INDEX_DAY==== 
 Trying updating 019403 from 1990-01-01 to 2018-04-25
21:49:15 QUANTAXIS>>> The 303 of Total 967
21:49:15 QUANTAXIS>>> DOWNLOAD PROGRESS 31.3 %
21:49:15 QUANTAXIS>>> ##JOB04 Now Saving INDEX_DAY==== 
 Trying updating 019405 from 1990-01-01 to 2018-04-25
21:49:15 QUANTAXIS>>> The 304 of Total 967
21:49:15 QUANTAXIS>>> DOWNLOAD PROGRESS 31.4 %
21:49:15 QUANTAXIS>>> ##JOB04 Now Saving INDEX_DAY==== 
 Trying updating 019406 from 1990-01-01 to 2018-04-25
21:49:16 QUANTAXIS>>> The 305 of Total 967
21:49:16 QUANTAXIS>>> DOWNLOAD PROGRESS 31.5 %
21:49:16 QUANTAXIS>>> ##JOB04 Now Saving INDEX_DAY==== 
 Trying updating 019408 from 1990-01-01 to 2018-04-25
21:49:16 QUANTAXIS>>> The 306 of Total 967
21:49:16 QUANTAXIS>>> DOWNLOAD PROGRESS 31.6 %
21:49:16 QUANTAXIS>>> ##JOB04 Now Saving INDEX_DAY==== 
 Trying updating 019409 from 1990-01-01 to 2018-04-25
21:49:17 QUANTAXIS>>> The 307 of Total 967
21:49:17 QUANTAXIS>>> DOWNLOAD PROGRESS 31.7 %
21:49:17 QUANTAXIS>>> ##JOB04 Now Saving INDEX_DAY==== 
 Trying updating 019410 from 1990-01-01 to 2018-04-25
21:49:17 QUANTAXIS>>> The 308 of Total 967
21:49:17 QUANTAXIS>>> DOWNLOAD PROGRESS 31.8 %
21:49:17 QUANTAXIS>>> ##JOB04 Now Saving INDEX_DAY==== 
 Trying updating 019412 from 1990-01-01 to 2018-04-25
21:49:17 QUANTAXIS>>> The 309 of Total 967
21:49:17 QUANTAXIS>>> DOWNLOAD PROGRESS 31.9 %
21:49:17 QUANTAXIS>>> ##JOB04 Now Saving INDEX_DAY==== 
 Trying updating 019413 from 1990-01-01 to 2018-04-25
21:49:18 QUANTAXIS>>> The 310 of Total 967
21:49:18 QUANTAXIS>>> DOWNLOAD PROGRESS 32.0 %
21:49:18 QUANTAXIS>>> ##JOB04 Now Saving INDEX_DAY==== 
 Trying updating 019416 from 1990-01-01 to 2018-04-25
21:49:19 QUANTAXIS>>> The 311 of Total 967
21:49:19 QUANTAXIS>>> DOWNLOAD PROGRESS 32.1 %
21:49:19 QUANTAXIS>>> ##JOB04 Now Saving INDEX_DAY==== 
 Trying updating 019417 from 1990-01-01 to 2018-04-25
21:49:19 QUANTAXIS>>> The 312 of Total 967
21:49:19 QUANTAXIS>>> DOWNLOAD PROGRESS 32.2 %
21:49:19 QUANTAXIS>>> ##JOB04 Now Saving INDEX_DAY==== 
 Trying updating 019421 from 1990-01-01 to 2018-04-25
21:49:20 QUANTAXIS>>> The 313 of Total 967
21:49:20 QUANTAXIS>>> DOWNLOAD PROGRESS 32.3 %
21:49:20 QUANTAXIS>>> ##JOB04 Now Saving INDEX_DAY==== 
 Trying updating 019424 from 1990-01-01 to 2018-04-25
21:49:20 QUANTAXIS>>> The 314 of Total 967
21:49:20 QUANTAXIS>>> DOWNLOAD PROGRESS 32.4 %
21:49:20 QUANTAXIS>>> ##JOB04 Now Saving INDEX_DAY==== 
 Trying updating 019425 from 1990-01-01 to 2018-04-25
21:49:20 QUANTAXIS>>> The 315 of Total 967
21:49:20 QUANTAXIS>>> DOWNLOAD PROGRESS 32.5 %
21:49:20 QUANTAXIS>>> ##JOB04 Now Saving INDEX_DAY==== 
 Trying updating 019426 from 1990-01-01 to 2018-04-25
21:49:21 QUANTAXIS>>> The 316 of Total 967
21:49:21 QUANTAXIS>>> DOWNLOAD PROGRESS 32.6 %
21:49:21 QUANTAXIS>>> ##JOB04 Now Saving INDEX_DAY==== 
 Trying updating 019427 from 1990-01-01 to 2018-04-25
21:49:22 QUANTAXIS>>> The 317 of Total 967
21:49:22 QUANTAXIS>>> DOWNLOAD PROGRESS 32.7 %
21:49:22 QUANTAXIS>>> ##JOB04 Now Saving INDEX_DAY==== 
 Trying updating 019429 from 1990-01-01 to 2018-04-25
21:49:22 QUANTAXIS>>> The 318 of Total 967
21:49:22 QUANTAXIS>>> DOWNLOAD PROGRESS 32.8 %
21:49:22 QUANTAXIS>>> ##JOB04 Now Saving INDEX_DAY==== 
 Trying updating 019502 from 1990-01-01 to 2018-04-25
21:49:23 QUANTAXIS>>> The 319 of Total 967
21:49:23 QUANTAXIS>>> DOWNLOAD PROGRESS 32.9 %
21:49:23 QUANTAXIS>>> ##JOB04 Now Saving INDEX_DAY==== 
 Trying updating 019503 from 1990-01-01 to 2018-04-25
21:49:23 QUANTAXIS>>> The 320 of Total 967
21:49:23 QUANTAXIS>>> DOWNLOAD PROGRESS 33.0 %
21:49:23 QUANTAXIS>>> ##JOB04 Now Saving INDEX_DAY==== 
 Trying updating 019505 from 1990-01-01 to 2018-04-25
21:49:24 QUANTAXIS>>> The 321 of Total 967
21:49:24 QUANTAXIS>>> DOWNLOAD PROGRESS 33.1 %
21:49:24 QUANTAXIS>>> ##JOB04 Now Saving INDEX_DAY==== 
 Trying updating 019507 from 1990-01-01 to 2018-04-25
21:49:24 QUANTAXIS>>> The 322 of Total 967
21:49:24 QUANTAXIS>>> DOWNLOAD PROGRESS 33.2 %
21:49:24 QUANTAXIS>>> ##JOB04 Now Saving INDEX_DAY==== 
 Trying updating 019508 from 1990-01-01 to 2018-04-25
21:49:25 QUANTAXIS>>> The 323 of Total 967
21:49:25 QUANTAXIS>>> DOWNLOAD PROGRESS 33.4 %
21:49:25 QUANTAXIS>>> ##JOB04 Now Saving INDEX_DAY==== 
 Trying updating 019510 from 1990-01-01 to 2018-04-25
21:49:25 QUANTAXIS>>> The 324 of Total 967
21:49:25 QUANTAXIS>>> DOWNLOAD PROGRESS 33.5 %
21:49:25 QUANTAXIS>>> ##JOB04 Now Saving INDEX_DAY==== 
 Trying updating 019511 from 1990-01-01 to 2018-04-25
21:49:26 QUANTAXIS>>> The 325 of Total 967
21:49:26 QUANTAXIS>>> DOWNLOAD PROGRESS 33.6 %
21:49:26 QUANTAXIS>>> ##JOB04 Now Saving INDEX_DAY==== 
 Trying updating 019512 from 1990-01-01 to 2018-04-25
21:49:26 QUANTAXIS>>> The 326 of Total 967
21:49:26 QUANTAXIS>>> DOWNLOAD PROGRESS 33.7 %
21:49:26 QUANTAXIS>>> ##JOB04 Now Saving INDEX_DAY==== 
 Trying updating 019514 from 1990-01-01 to 2018-04-25
21:49:27 QUANTAXIS>>> The 327 of Total 967
21:49:27 QUANTAXIS>>> DOWNLOAD PROGRESS 33.8 %
21:49:27 QUANTAXIS>>> ##JOB04 Now Saving INDEX_DAY==== 
 Trying updating 019516 from 1990-01-01 to 2018-04-25
21:49:28 QUANTAXIS>>> The 328 of Total 967
21:49:28 QUANTAXIS>>> DOWNLOAD PROGRESS 33.9 %
21:49:28 QUANTAXIS>>> ##JOB04 Now Saving INDEX_DAY==== 
 Trying updating 019517 from 1990-01-01 to 2018-04-25
21:49:28 QUANTAXIS>>> The 329 of Total 967
21:49:28 QUANTAXIS>>> DOWNLOAD PROGRESS 34.0 %
21:49:28 QUANTAXIS>>> ##JOB04 Now Saving INDEX_DAY==== 
 Trying updating 019519 from 1990-01-01 to 2018-04-25
21:49:28 QUANTAXIS>>> The 330 of Total 967
21:49:28 QUANTAXIS>>> DOWNLOAD PROGRESS 34.1 %
21:49:28 QUANTAXIS>>> ##JOB04 Now Saving INDEX_DAY==== 
 Trying updating 019521 from 1990-01-01 to 2018-04-25
21:49:29 QUANTAXIS>>> The 331 of Total 967
21:49:29 QUANTAXIS>>> DOWNLOAD PROGRESS 34.2 %
21:49:29 QUANTAXIS>>> ##JOB04 Now Saving INDEX_DAY==== 
 Trying updating 019522 from 1990-01-01 to 2018-04-25
21:49:29 QUANTAXIS>>> The 332 of Total 967
21:49:29 QUANTAXIS>>> DOWNLOAD PROGRESS 34.3 %
21:49:29 QUANTAXIS>>> ##JOB04 Now Saving INDEX_DAY==== 
 Trying updating 019523 from 1990-01-01 to 2018-04-25
21:49:30 QUANTAXIS>>> The 333 of Total 967
21:49:30 QUANTAXIS>>> DOWNLOAD PROGRESS 34.4 %
21:49:30 QUANTAXIS>>> ##JOB04 Now Saving INDEX_DAY==== 
 Trying updating 019525 from 1990-01-01 to 2018-04-25
21:49:30 QUANTAXIS>>> The 334 of Total 967
21:49:30 QUANTAXIS>>> DOWNLOAD PROGRESS 34.5 %
21:49:30 QUANTAXIS>>> ##JOB04 Now Saving INDEX_DAY==== 
 Trying updating 019526 from 1990-01-01 to 2018-04-25
21:49:31 QUANTAXIS>>> The 335 of Total 967
21:49:31 QUANTAXIS>>> DOWNLOAD PROGRESS 34.6 %
21:49:31 QUANTAXIS>>> ##JOB04 Now Saving INDEX_DAY==== 
 Trying updating 019528 from 1990-01-01 to 2018-04-25
21:49:32 QUANTAXIS>>> The 336 of Total 967
21:49:32 QUANTAXIS>>> DOWNLOAD PROGRESS 34.7 %
21:49:32 QUANTAXIS>>> ##JOB04 Now Saving INDEX_DAY==== 
 Trying updating 019530 from 1990-01-01 to 2018-04-25
21:49:32 QUANTAXIS>>> The 337 of Total 967
21:49:32 QUANTAXIS>>> DOWNLOAD PROGRESS 34.8 %
21:49:32 QUANTAXIS>>> ##JOB04 Now Saving INDEX_DAY==== 
 Trying updating 019531 from 1990-01-01 to 2018-04-25
21:49:33 QUANTAXIS>>> The 338 of Total 967
21:49:33 QUANTAXIS>>> DOWNLOAD PROGRESS 34.9 %
21:49:33 QUANTAXIS>>> ##JOB04 Now Saving INDEX_DAY==== 
 Trying updating 019532 from 1990-01-01 to 2018-04-25
21:49:33 QUANTAXIS>>> The 339 of Total 967
21:49:33 QUANTAXIS>>> DOWNLOAD PROGRESS 35.0 %
21:49:33 QUANTAXIS>>> ##JOB04 Now Saving INDEX_DAY==== 
 Trying updating 019534 from 1990-01-01 to 2018-04-25
21:49:34 QUANTAXIS>>> The 340 of Total 967
21:49:34 QUANTAXIS>>> DOWNLOAD PROGRESS 35.1 %
21:49:34 QUANTAXIS>>> ##JOB04 Now Saving INDEX_DAY==== 
 Trying updating 019535 from 1990-01-01 to 2018-04-25
21:49:34 QUANTAXIS>>> The 341 of Total 967
21:49:34 QUANTAXIS>>> DOWNLOAD PROGRESS 35.2 %
21:49:34 QUANTAXIS>>> ##JOB04 Now Saving INDEX_DAY==== 
 Trying updating 019536 from 1990-01-01 to 2018-04-25
21:49:35 QUANTAXIS>>> The 342 of Total 967
21:49:35 QUANTAXIS>>> DOWNLOAD PROGRESS 35.3 %
21:49:35 QUANTAXIS>>> ##JOB04 Now Saving INDEX_DAY==== 
 Trying updating 019537 from 1990-01-01 to 2018-04-25
21:49:36 QUANTAXIS>>> The 343 of Total 967
21:49:36 QUANTAXIS>>> DOWNLOAD PROGRESS 35.4 %
21:49:36 QUANTAXIS>>> ##JOB04 Now Saving INDEX_DAY==== 
 Trying updating 019538 from 1990-01-01 to 2018-04-25
21:49:36 QUANTAXIS>>> The 344 of Total 967
21:49:36 QUANTAXIS>>> DOWNLOAD PROGRESS 35.5 %
21:49:36 QUANTAXIS>>> ##JOB04 Now Saving INDEX_DAY==== 
 Trying updating 019540 from 1990-01-01 to 2018-04-25
21:49:37 QUANTAXIS>>> The 345 of Total 967
21:49:37 QUANTAXIS>>> DOWNLOAD PROGRESS 35.6 %
21:49:37 QUANTAXIS>>> ##JOB04 Now Saving INDEX_DAY==== 
 Trying updating 019541 from 1990-01-01 to 2018-04-25
21:49:37 QUANTAXIS>>> The 346 of Total 967
21:49:37 QUANTAXIS>>> DOWNLOAD PROGRESS 35.7 %
21:49:37 QUANTAXIS>>> ##JOB04 Now Saving INDEX_DAY==== 
 Trying updating 019542 from 1990-01-01 to 2018-04-25
21:49:37 QUANTAXIS>>> The 347 of Total 967
21:49:37 QUANTAXIS>>> DOWNLOAD PROGRESS 35.8 %
21:49:37 QUANTAXIS>>> ##JOB04 Now Saving INDEX_DAY==== 
 Trying updating 019543 from 1990-01-01 to 2018-04-25
21:49:38 QUANTAXIS>>> The 348 of Total 967
21:49:38 QUANTAXIS>>> DOWNLOAD PROGRESS 35.9 %
21:49:38 QUANTAXIS>>> ##JOB04 Now Saving INDEX_DAY==== 
 Trying updating 019544 from 1990-01-01 to 2018-04-25
21:49:39 QUANTAXIS>>> The 349 of Total 967
21:49:39 QUANTAXIS>>> DOWNLOAD PROGRESS 36.0 %
21:49:39 QUANTAXIS>>> ##JOB04 Now Saving INDEX_DAY==== 
 Trying updating 019545 from 1990-01-01 to 2018-04-25
21:49:39 QUANTAXIS>>> The 350 of Total 967
21:49:39 QUANTAXIS>>> DOWNLOAD PROGRESS 36.1 %
21:49:39 QUANTAXIS>>> ##JOB04 Now Saving INDEX_DAY==== 
 Trying updating 019547 from 1990-01-01 to 2018-04-25
21:49:40 QUANTAXIS>>> The 351 of Total 967
21:49:40 QUANTAXIS>>> DOWNLOAD PROGRESS 36.2 %
21:49:40 QUANTAXIS>>> ##JOB04 Now Saving INDEX_DAY==== 
 Trying updating 019548 from 1990-01-01 to 2018-04-25
21:49:41 QUANTAXIS>>> The 352 of Total 967
21:49:41 QUANTAXIS>>> DOWNLOAD PROGRESS 36.4 %
21:49:41 QUANTAXIS>>> ##JOB04 Now Saving INDEX_DAY==== 
 Trying updating 019549 from 1990-01-01 to 2018-04-25
21:49:41 QUANTAXIS>>> The 353 of Total 967
21:49:41 QUANTAXIS>>> DOWNLOAD PROGRESS 36.5 %
21:49:41 QUANTAXIS>>> ##JOB04 Now Saving INDEX_DAY==== 
 Trying updating 019550 from 1990-01-01 to 2018-04-25
21:49:42 QUANTAXIS>>> The 354 of Total 967
21:49:42 QUANTAXIS>>> DOWNLOAD PROGRESS 36.6 %
21:49:42 QUANTAXIS>>> ##JOB04 Now Saving INDEX_DAY==== 
 Trying updating 019551 from 1990-01-01 to 2018-04-25
21:49:42 QUANTAXIS>>> The 355 of Total 967
21:49:42 QUANTAXIS>>> DOWNLOAD PROGRESS 36.7 %
21:49:42 QUANTAXIS>>> ##JOB04 Now Saving INDEX_DAY==== 
 Trying updating 019553 from 1990-01-01 to 2018-04-25
21:49:43 QUANTAXIS>>> The 356 of Total 967
21:49:43 QUANTAXIS>>> DOWNLOAD PROGRESS 36.8 %
21:49:43 QUANTAXIS>>> ##JOB04 Now Saving INDEX_DAY==== 
 Trying updating 019554 from 1990-01-01 to 2018-04-25
21:49:43 QUANTAXIS>>> The 357 of Total 967
21:49:43 QUANTAXIS>>> DOWNLOAD PROGRESS 36.9 %
21:49:43 QUANTAXIS>>> ##JOB04 Now Saving INDEX_DAY==== 
 Trying updating 019555 from 1990-01-01 to 2018-04-25
21:49:44 QUANTAXIS>>> The 358 of Total 967
21:49:44 QUANTAXIS>>> DOWNLOAD PROGRESS 37.0 %
21:49:44 QUANTAXIS>>> ##JOB04 Now Saving INDEX_DAY==== 
 Trying updating 019556 from 1990-01-01 to 2018-04-25
21:49:44 QUANTAXIS>>> The 359 of Total 967
21:49:44 QUANTAXIS>>> DOWNLOAD PROGRESS 37.1 %
21:49:44 QUANTAXIS>>> ##JOB04 Now Saving INDEX_DAY==== 
 Trying updating 019558 from 1990-01-01 to 2018-04-25
21:49:45 QUANTAXIS>>> The 360 of Total 967
21:49:45 QUANTAXIS>>> DOWNLOAD PROGRESS 37.2 %
21:49:45 QUANTAXIS>>> ##JOB04 Now Saving INDEX_DAY==== 
 Trying updating 019559 from 1990-01-01 to 2018-04-25
21:49:46 QUANTAXIS>>> The 361 of Total 967
21:49:46 QUANTAXIS>>> DOWNLOAD PROGRESS 37.3 %
21:49:46 QUANTAXIS>>> ##JOB04 Now Saving INDEX_DAY==== 
 Trying updating 019560 from 1990-01-01 to 2018-04-25
21:49:46 QUANTAXIS>>> The 362 of Total 967
21:49:46 QUANTAXIS>>> DOWNLOAD PROGRESS 37.4 %
21:49:46 QUANTAXIS>>> ##JOB04 Now Saving INDEX_DAY==== 
 Trying updating 019561 from 1990-01-01 to 2018-04-25
21:49:47 QUANTAXIS>>> The 363 of Total 967
21:49:47 QUANTAXIS>>> DOWNLOAD PROGRESS 37.5 %
21:49:47 QUANTAXIS>>> ##JOB04 Now Saving INDEX_DAY==== 
 Trying updating 019562 from 1990-01-01 to 2018-04-25
21:49:47 QUANTAXIS>>> The 364 of Total 967
21:49:47 QUANTAXIS>>> DOWNLOAD PROGRESS 37.6 %
21:49:47 QUANTAXIS>>> ##JOB04 Now Saving INDEX_DAY==== 
 Trying updating 019563 from 1990-01-01 to 2018-04-25
21:49:48 QUANTAXIS>>> The 365 of Total 967
21:49:48 QUANTAXIS>>> DOWNLOAD PROGRESS 37.7 %
21:49:48 QUANTAXIS>>> ##JOB04 Now Saving INDEX_DAY==== 
 Trying updating 019564 from 1990-01-01 to 2018-04-25
21:49:48 QUANTAXIS>>> The 366 of Total 967
21:49:48 QUANTAXIS>>> DOWNLOAD PROGRESS 37.8 %
21:49:48 QUANTAXIS>>> ##JOB04 Now Saving INDEX_DAY==== 
 Trying updating 019565 from 1990-01-01 to 2018-04-25
21:49:49 QUANTAXIS>>> The 367 of Total 967
21:49:49 QUANTAXIS>>> DOWNLOAD PROGRESS 37.9 %
21:49:49 QUANTAXIS>>> ##JOB04 Now Saving INDEX_DAY==== 
 Trying updating 019566 from 1990-01-01 to 2018-04-25
21:49:49 QUANTAXIS>>> The 368 of Total 967
21:49:49 QUANTAXIS>>> DOWNLOAD PROGRESS 38.0 %
21:49:49 QUANTAXIS>>> ##JOB04 Now Saving INDEX_DAY==== 
 Trying updating 019567 from 1990-01-01 to 2018-04-25
21:49:50 QUANTAXIS>>> The 369 of Total 967
21:49:50 QUANTAXIS>>> DOWNLOAD PROGRESS 38.1 %
21:49:50 QUANTAXIS>>> ##JOB04 Now Saving INDEX_DAY==== 
 Trying updating 019568 from 1990-01-01 to 2018-04-25
21:49:51 QUANTAXIS>>> The 370 of Total 967
21:49:51 QUANTAXIS>>> DOWNLOAD PROGRESS 38.2 %
21:49:51 QUANTAXIS>>> ##JOB04 Now Saving INDEX_DAY==== 
 Trying updating 019569 from 1990-01-01 to 2018-04-25
21:49:52 QUANTAXIS>>> The 371 of Total 967
21:49:52 QUANTAXIS>>> DOWNLOAD PROGRESS 38.3 %
21:49:52 QUANTAXIS>>> ##JOB04 Now Saving INDEX_DAY==== 
 Trying updating 019570 from 1990-01-01 to 2018-04-25
21:49:53 QUANTAXIS>>> The 372 of Total 967
21:49:53 QUANTAXIS>>> DOWNLOAD PROGRESS 38.4 %
21:49:53 QUANTAXIS>>> ##JOB04 Now Saving INDEX_DAY==== 
 Trying updating 019571 from 1990-01-01 to 2018-04-25
21:49:53 QUANTAXIS>>> The 373 of Total 967
21:49:53 QUANTAXIS>>> DOWNLOAD PROGRESS 38.5 %
21:49:53 QUANTAXIS>>> ##JOB04 Now Saving INDEX_DAY==== 
 Trying updating 019572 from 1990-01-01 to 2018-04-25
21:49:53 QUANTAXIS>>> The 374 of Total 967
21:49:53 QUANTAXIS>>> DOWNLOAD PROGRESS 38.6 %
21:49:53 QUANTAXIS>>> ##JOB04 Now Saving INDEX_DAY==== 
 Trying updating 019573 from 1990-01-01 to 2018-04-25
21:49:54 QUANTAXIS>>> The 375 of Total 967
21:49:54 QUANTAXIS>>> DOWNLOAD PROGRESS 38.7 %
21:49:54 QUANTAXIS>>> ##JOB04 Now Saving INDEX_DAY==== 
 Trying updating 019574 from 1990-01-01 to 2018-04-25
21:49:55 QUANTAXIS>>> The 376 of Total 967
21:49:55 QUANTAXIS>>> DOWNLOAD PROGRESS 38.8 %
21:49:55 QUANTAXIS>>> ##JOB04 Now Saving INDEX_DAY==== 
 Trying updating 019575 from 1990-01-01 to 2018-04-25
21:49:55 QUANTAXIS>>> The 377 of Total 967
21:49:55 QUANTAXIS>>> DOWNLOAD PROGRESS 38.9 %
21:49:55 QUANTAXIS>>> ##JOB04 Now Saving INDEX_DAY==== 
 Trying updating 019576 from 1990-01-01 to 2018-04-25
21:49:56 QUANTAXIS>>> The 378 of Total 967
21:49:56 QUANTAXIS>>> DOWNLOAD PROGRESS 39.0 %
21:49:56 QUANTAXIS>>> ##JOB04 Now Saving INDEX_DAY==== 
 Trying updating 019577 from 1990-01-01 to 2018-04-25
21:49:56 QUANTAXIS>>> The 379 of Total 967
21:49:56 QUANTAXIS>>> DOWNLOAD PROGRESS 39.1 %
21:49:56 QUANTAXIS>>> ##JOB04 Now Saving INDEX_DAY==== 
 Trying updating 019578 from 1990-01-01 to 2018-04-25
21:49:57 QUANTAXIS>>> The 380 of Total 967
21:49:57 QUANTAXIS>>> DOWNLOAD PROGRESS 39.2 %
21:49:57 QUANTAXIS>>> ##JOB04 Now Saving INDEX_DAY==== 
 Trying updating 019579 from 1990-01-01 to 2018-04-25
21:49:58 QUANTAXIS>>> The 381 of Total 967
21:49:58 QUANTAXIS>>> DOWNLOAD PROGRESS 39.4 %
21:49:58 QUANTAXIS>>> ##JOB04 Now Saving INDEX_DAY==== 
 Trying updating 019580 from 1990-01-01 to 2018-04-25
21:49:58 QUANTAXIS>>> The 382 of Total 967
21:49:58 QUANTAXIS>>> DOWNLOAD PROGRESS 39.5 %
21:49:58 QUANTAXIS>>> ##JOB04 Now Saving INDEX_DAY==== 
 Trying updating 019581 from 1990-01-01 to 2018-04-25
21:49:59 QUANTAXIS>>> The 383 of Total 967
21:49:59 QUANTAXIS>>> DOWNLOAD PROGRESS 39.6 %
21:49:59 QUANTAXIS>>> ##JOB04 Now Saving INDEX_DAY==== 
 Trying updating 019582 from 1990-01-01 to 2018-04-25
21:49:59 QUANTAXIS>>> The 384 of Total 967
21:49:59 QUANTAXIS>>> DOWNLOAD PROGRESS 39.7 %
21:49:59 QUANTAXIS>>> ##JOB04 Now Saving INDEX_DAY==== 
 Trying updating 019583 from 1990-01-01 to 2018-04-25
21:50:00 QUANTAXIS>>> The 385 of Total 967
21:50:00 QUANTAXIS>>> DOWNLOAD PROGRESS 39.8 %
21:50:00 QUANTAXIS>>> ##JOB04 Now Saving INDEX_DAY==== 
 Trying updating 019584 from 1990-01-01 to 2018-04-25
21:50:01 QUANTAXIS>>> The 386 of Total 967
21:50:01 QUANTAXIS>>> DOWNLOAD PROGRESS 39.9 %
21:50:01 QUANTAXIS>>> ##JOB04 Now Saving INDEX_DAY==== 
 Trying updating 019585 from 1990-01-01 to 2018-04-25
21:50:01 QUANTAXIS>>> The 387 of Total 967
21:50:01 QUANTAXIS>>> DOWNLOAD PROGRESS 40.0 %
21:50:01 QUANTAXIS>>> ##JOB04 Now Saving INDEX_DAY==== 
 Trying updating 019586 from 1990-01-01 to 2018-04-25
21:50:02 QUANTAXIS>>> The 388 of Total 967
21:50:02 QUANTAXIS>>> DOWNLOAD PROGRESS 40.1 %
21:50:02 QUANTAXIS>>> ##JOB04 Now Saving INDEX_DAY==== 
 Trying updating 019587 from 1990-01-01 to 2018-04-25
21:50:02 QUANTAXIS>>> The 389 of Total 967
21:50:02 QUANTAXIS>>> DOWNLOAD PROGRESS 40.2 %
21:50:02 QUANTAXIS>>> ##JOB04 Now Saving INDEX_DAY==== 
 Trying updating 019588 from 1990-01-01 to 2018-04-25
21:50:03 QUANTAXIS>>> The 390 of Total 967
21:50:03 QUANTAXIS>>> DOWNLOAD PROGRESS 40.3 %
21:50:03 QUANTAXIS>>> ##JOB04 Now Saving INDEX_DAY==== 
 Trying updating 019589 from 1990-01-01 to 2018-04-25
21:50:03 QUANTAXIS>>> The 391 of Total 967
21:50:03 QUANTAXIS>>> DOWNLOAD PROGRESS 40.4 %
21:50:03 QUANTAXIS>>> ##JOB04 Now Saving INDEX_DAY==== 
 Trying updating 019590 from 1990-01-01 to 2018-04-25
21:50:04 QUANTAXIS>>> The 392 of Total 967
21:50:04 QUANTAXIS>>> DOWNLOAD PROGRESS 40.5 %
21:50:04 QUANTAXIS>>> ##JOB04 Now Saving INDEX_DAY==== 
 Trying updating 019591 from 1990-01-01 to 2018-04-25
21:50:04 QUANTAXIS>>> The 393 of Total 967
21:50:04 QUANTAXIS>>> DOWNLOAD PROGRESS 40.6 %
21:50:04 QUANTAXIS>>> ##JOB04 Now Saving INDEX_DAY==== 
 Trying updating 019802 from 1990-01-01 to 2018-04-25
21:50:05 QUANTAXIS>>> The 394 of Total 967
21:50:05 QUANTAXIS>>> DOWNLOAD PROGRESS 40.7 %
21:50:05 QUANTAXIS>>> ##JOB04 Now Saving INDEX_DAY==== 
 Trying updating 019806 from 1990-01-01 to 2018-04-25
21:50:05 QUANTAXIS>>> The 395 of Total 967
21:50:05 QUANTAXIS>>> DOWNLOAD PROGRESS 40.8 %
21:50:05 QUANTAXIS>>> ##JOB04 Now Saving INDEX_DAY==== 
 Trying updating 019810 from 1990-01-01 to 2018-04-25
21:50:06 QUANTAXIS>>> The 396 of Total 967
21:50:06 QUANTAXIS>>> DOWNLOAD PROGRESS 40.9 %
21:50:06 QUANTAXIS>>> ##JOB04 Now Saving INDEX_DAY==== 
 Trying updating 019813 from 1990-01-01 to 2018-04-25
21:50:07 QUANTAXIS>>> The 397 of Total 967
21:50:07 QUANTAXIS>>> DOWNLOAD PROGRESS 41.0 %
21:50:07 QUANTAXIS>>> ##JOB04 Now Saving INDEX_DAY==== 
 Trying updating 019818 from 1990-01-01 to 2018-04-25
21:50:07 QUANTAXIS>>> The 398 of Total 967
21:50:07 QUANTAXIS>>> DOWNLOAD PROGRESS 41.1 %
21:50:07 QUANTAXIS>>> ##JOB04 Now Saving INDEX_DAY==== 
 Trying updating 019820 from 1990-01-01 to 2018-04-25
21:50:08 QUANTAXIS>>> The 399 of Total 967
21:50:08 QUANTAXIS>>> DOWNLOAD PROGRESS 41.2 %
21:50:08 QUANTAXIS>>> ##JOB04 Now Saving INDEX_DAY==== 
 Trying updating 019823 from 1990-01-01 to 2018-04-25
21:50:08 QUANTAXIS>>> The 400 of Total 967
21:50:08 QUANTAXIS>>> DOWNLOAD PROGRESS 41.3 %
21:50:08 QUANTAXIS>>> ##JOB04 Now Saving INDEX_DAY==== 
 Trying updating 019825 from 1990-01-01 to 2018-04-25
21:50:09 QUANTAXIS>>> The 401 of Total 967
21:50:09 QUANTAXIS>>> DOWNLOAD PROGRESS 41.4 %
21:50:09 QUANTAXIS>>> ##JOB04 Now Saving INDEX_DAY==== 
 Trying updating 019902 from 1990-01-01 to 2018-04-25
21:50:09 QUANTAXIS>>> The 402 of Total 967
21:50:09 QUANTAXIS>>> DOWNLOAD PROGRESS 41.5 %
21:50:09 QUANTAXIS>>> ##JOB04 Now Saving INDEX_DAY==== 
 Trying updating 019903 from 1990-01-01 to 2018-04-25
21:50:10 QUANTAXIS>>> The 403 of Total 967
21:50:10 QUANTAXIS>>> DOWNLOAD PROGRESS 41.6 %
21:50:10 QUANTAXIS>>> ##JOB04 Now Saving INDEX_DAY==== 
 Trying updating 019905 from 1990-01-01 to 2018-04-25
21:50:10 QUANTAXIS>>> The 404 of Total 967
21:50:10 QUANTAXIS>>> DOWNLOAD PROGRESS 41.7 %
21:50:10 QUANTAXIS>>> ##JOB04 Now Saving INDEX_DAY==== 
 Trying updating 019907 from 1990-01-01 to 2018-04-25
21:50:11 QUANTAXIS>>> The 405 of Total 967
21:50:11 QUANTAXIS>>> DOWNLOAD PROGRESS 41.8 %
21:50:11 QUANTAXIS>>> ##JOB04 Now Saving INDEX_DAY==== 
 Trying updating 019911 from 1990-01-01 to 2018-04-25
21:50:11 QUANTAXIS>>> The 406 of Total 967
21:50:11 QUANTAXIS>>> DOWNLOAD PROGRESS 41.9 %
21:50:11 QUANTAXIS>>> ##JOB04 Now Saving INDEX_DAY==== 
 Trying updating 019912 from 1990-01-01 to 2018-04-25
21:50:12 QUANTAXIS>>> The 407 of Total 967
21:50:12 QUANTAXIS>>> DOWNLOAD PROGRESS 42.0 %
21:50:12 QUANTAXIS>>> ##JOB04 Now Saving INDEX_DAY==== 
 Trying updating 019916 from 1990-01-01 to 2018-04-25
21:50:12 QUANTAXIS>>> The 408 of Total 967
21:50:12 QUANTAXIS>>> DOWNLOAD PROGRESS 42.1 %
21:50:12 QUANTAXIS>>> ##JOB04 Now Saving INDEX_DAY==== 
 Trying updating 019920 from 1990-01-01 to 2018-04-25
21:50:13 QUANTAXIS>>> The 409 of Total 967
21:50:13 QUANTAXIS>>> DOWNLOAD PROGRESS 42.2 %
21:50:13 QUANTAXIS>>> ##JOB04 Now Saving INDEX_DAY==== 
 Trying updating 019923 from 1990-01-01 to 2018-04-25
21:50:13 QUANTAXIS>>> The 410 of Total 967
21:50:13 QUANTAXIS>>> DOWNLOAD PROGRESS 42.3 %
21:50:13 QUANTAXIS>>> ##JOB04 Now Saving INDEX_DAY==== 
 Trying updating 019925 from 1990-01-01 to 2018-04-25
21:50:14 QUANTAXIS>>> The 411 of Total 967
21:50:14 QUANTAXIS>>> DOWNLOAD PROGRESS 42.5 %
21:50:14 QUANTAXIS>>> ##JOB04 Now Saving INDEX_DAY==== 
 Trying updating 019927 from 1990-01-01 to 2018-04-25
21:50:14 QUANTAXIS>>> The 412 of Total 967
21:50:14 QUANTAXIS>>> DOWNLOAD PROGRESS 42.6 %
21:50:14 QUANTAXIS>>> ##JOB04 Now Saving INDEX_DAY==== 
 Trying updating 019930 from 1990-01-01 to 2018-04-25
21:50:15 QUANTAXIS>>> The 413 of Total 967
21:50:15 QUANTAXIS>>> DOWNLOAD PROGRESS 42.7 %
21:50:15 QUANTAXIS>>> ##JOB04 Now Saving INDEX_DAY==== 
 Trying updating 020209 from 1990-01-01 to 2018-04-25
21:50:16 QUANTAXIS>>> The 414 of Total 967
21:50:16 QUANTAXIS>>> DOWNLOAD PROGRESS 42.8 %
21:50:16 QUANTAXIS>>> ##JOB04 Now Saving INDEX_DAY==== 
 Trying updating 020214 from 1990-01-01 to 2018-04-25
21:50:16 QUANTAXIS>>> The 415 of Total 967
21:50:16 QUANTAXIS>>> DOWNLOAD PROGRESS 42.9 %
21:50:16 QUANTAXIS>>> ##JOB04 Now Saving INDEX_DAY==== 
 Trying updating 020220 from 1990-01-01 to 2018-04-25
21:50:16 QUANTAXIS>>> The 416 of Total 967
21:50:16 QUANTAXIS>>> DOWNLOAD PROGRESS 43.0 %
21:50:16 QUANTAXIS>>> ##JOB04 Now Saving INDEX_DAY==== 
 Trying updating 020222 from 1990-01-01 to 2018-04-25
21:50:17 QUANTAXIS>>> The 417 of Total 967
21:50:17 QUANTAXIS>>> DOWNLOAD PROGRESS 43.1 %
21:50:17 QUANTAXIS>>> ##JOB04 Now Saving INDEX_DAY==== 
 Trying updating 020223 from 1990-01-01 to 2018-04-25
21:50:18 QUANTAXIS>>> The 418 of Total 967
21:50:18 QUANTAXIS>>> DOWNLOAD PROGRESS 43.2 %
21:50:18 QUANTAXIS>>> ##JOB04 Now Saving INDEX_DAY==== 
 Trying updating 020224 from 1990-01-01 to 2018-04-25
21:50:18 QUANTAXIS>>> The 419 of Total 967
21:50:18 QUANTAXIS>>> DOWNLOAD PROGRESS 43.3 %
21:50:18 QUANTAXIS>>> ##JOB04 Now Saving INDEX_DAY==== 
 Trying updating 020225 from 1990-01-01 to 2018-04-25
21:50:19 QUANTAXIS>>> The 420 of Total 967
21:50:19 QUANTAXIS>>> DOWNLOAD PROGRESS 43.4 %
21:50:19 QUANTAXIS>>> ##JOB04 Now Saving INDEX_DAY==== 
 Trying updating 020226 from 1990-01-01 to 2018-04-25
21:50:19 QUANTAXIS>>> The 421 of Total 967
21:50:19 QUANTAXIS>>> DOWNLOAD PROGRESS 43.5 %
21:50:19 QUANTAXIS>>> ##JOB04 Now Saving INDEX_DAY==== 
 Trying updating 020227 from 1990-01-01 to 2018-04-25
21:50:20 QUANTAXIS>>> The 422 of Total 967
21:50:20 QUANTAXIS>>> DOWNLOAD PROGRESS 43.6 %
21:50:20 QUANTAXIS>>> ##JOB04 Now Saving INDEX_DAY==== 
 Trying updating 020228 from 1990-01-01 to 2018-04-25
21:50:21 QUANTAXIS>>> The 423 of Total 967
21:50:21 QUANTAXIS>>> DOWNLOAD PROGRESS 43.7 %
21:50:21 QUANTAXIS>>> ##JOB04 Now Saving INDEX_DAY==== 
 Trying updating 020229 from 1990-01-01 to 2018-04-25
21:50:21 QUANTAXIS>>> The 424 of Total 967
21:50:21 QUANTAXIS>>> DOWNLOAD PROGRESS 43.8 %
21:50:21 QUANTAXIS>>> ##JOB04 Now Saving INDEX_DAY==== 
 Trying updating 020230 from 1990-01-01 to 2018-04-25
21:50:22 QUANTAXIS>>> The 425 of Total 967
21:50:22 QUANTAXIS>>> DOWNLOAD PROGRESS 43.9 %
21:50:22 QUANTAXIS>>> ##JOB04 Now Saving INDEX_DAY==== 
 Trying updating 020231 from 1990-01-01 to 2018-04-25
21:50:22 QUANTAXIS>>> The 426 of Total 967
21:50:22 QUANTAXIS>>> DOWNLOAD PROGRESS 44.0 %
21:50:22 QUANTAXIS>>> ##JOB04 Now Saving INDEX_DAY==== 
 Trying updating 020232 from 1990-01-01 to 2018-04-25
21:50:23 QUANTAXIS>>> The 427 of Total 967
21:50:23 QUANTAXIS>>> DOWNLOAD PROGRESS 44.1 %
21:50:23 QUANTAXIS>>> ##JOB04 Now Saving INDEX_DAY==== 
 Trying updating 020233 from 1990-01-01 to 2018-04-25
21:50:24 QUANTAXIS>>> The 428 of Total 967
21:50:24 QUANTAXIS>>> DOWNLOAD PROGRESS 44.2 %
21:50:24 QUANTAXIS>>> ##JOB04 Now Saving INDEX_DAY==== 
 Trying updating 020234 from 1990-01-01 to 2018-04-25
21:50:24 QUANTAXIS>>> The 429 of Total 967
21:50:24 QUANTAXIS>>> DOWNLOAD PROGRESS 44.3 %
21:50:24 QUANTAXIS>>> ##JOB04 Now Saving INDEX_DAY==== 
 Trying updating 020235 from 1990-01-01 to 2018-04-25
21:50:25 QUANTAXIS>>> The 430 of Total 967
21:50:25 QUANTAXIS>>> DOWNLOAD PROGRESS 44.4 %
21:50:25 QUANTAXIS>>> ##JOB04 Now Saving INDEX_DAY==== 
 Trying updating 090002 from 1990-01-01 to 2018-04-25
21:50:25 QUANTAXIS>>> The 431 of Total 967
21:50:25 QUANTAXIS>>> DOWNLOAD PROGRESS 44.5 %
21:50:25 QUANTAXIS>>> ##JOB04 Now Saving INDEX_DAY==== 
 Trying updating 090003 from 1990-01-01 to 2018-04-25
21:50:26 QUANTAXIS>>> The 432 of Total 967
21:50:26 QUANTAXIS>>> DOWNLOAD PROGRESS 44.6 %
21:50:26 QUANTAXIS>>> ##JOB04 Now Saving INDEX_DAY==== 
 Trying updating 090007 from 1990-01-01 to 2018-04-25
21:50:27 QUANTAXIS>>> The 433 of Total 967
21:50:27 QUANTAXIS>>> DOWNLOAD PROGRESS 44.7 %
21:50:27 QUANTAXIS>>> ##JOB04 Now Saving INDEX_DAY==== 
 Trying updating 090009 from 1990-01-01 to 2018-04-25
21:50:27 QUANTAXIS>>> The 434 of Total 967
21:50:27 QUANTAXIS>>> DOWNLOAD PROGRESS 44.8 %
21:50:27 QUANTAXIS>>> ##JOB04 Now Saving INDEX_DAY==== 
 Trying updating 090012 from 1990-01-01 to 2018-04-25
21:50:28 QUANTAXIS>>> The 435 of Total 967
21:50:28 QUANTAXIS>>> DOWNLOAD PROGRESS 44.9 %
21:50:28 QUANTAXIS>>> ##JOB04 Now Saving INDEX_DAY==== 
 Trying updating 090014 from 1990-01-01 to 2018-04-25
21:50:28 QUANTAXIS>>> The 436 of Total 967
21:50:28 QUANTAXIS>>> DOWNLOAD PROGRESS 45.0 %
21:50:28 QUANTAXIS>>> ##JOB04 Now Saving INDEX_DAY==== 
 Trying updating 090018 from 1990-01-01 to 2018-04-25
21:50:29 QUANTAXIS>>> The 437 of Total 967
21:50:29 QUANTAXIS>>> DOWNLOAD PROGRESS 45.1 %
21:50:29 QUANTAXIS>>> ##JOB04 Now Saving INDEX_DAY==== 
 Trying updating 090019 from 1990-01-01 to 2018-04-25
21:50:29 QUANTAXIS>>> The 438 of Total 967
21:50:29 QUANTAXIS>>> DOWNLOAD PROGRESS 45.2 %
21:50:29 QUANTAXIS>>> ##JOB04 Now Saving INDEX_DAY==== 
 Trying updating 090023 from 1990-01-01 to 2018-04-25
21:50:30 QUANTAXIS>>> The 439 of Total 967
21:50:30 QUANTAXIS>>> DOWNLOAD PROGRESS 45.3 %
21:50:30 QUANTAXIS>>> ##JOB04 Now Saving INDEX_DAY==== 
 Trying updating 090024 from 1990-01-01 to 2018-04-25
21:50:31 QUANTAXIS>>> The 440 of Total 967
21:50:31 QUANTAXIS>>> DOWNLOAD PROGRESS 45.5 %
21:50:31 QUANTAXIS>>> ##JOB04 Now Saving INDEX_DAY==== 
 Trying updating 090026 from 1990-01-01 to 2018-04-25
21:50:31 QUANTAXIS>>> The 441 of Total 967
21:50:31 QUANTAXIS>>> DOWNLOAD PROGRESS 45.6 %
21:50:31 QUANTAXIS>>> ##JOB04 Now Saving INDEX_DAY==== 
 Trying updating 090029 from 1990-01-01 to 2018-04-25
21:50:32 QUANTAXIS>>> The 442 of Total 967
21:50:32 QUANTAXIS>>> DOWNLOAD PROGRESS 45.7 %
21:50:32 QUANTAXIS>>> ##JOB04 Now Saving INDEX_DAY==== 
 Trying updating 090031 from 1990-01-01 to 2018-04-25
21:50:33 QUANTAXIS>>> The 443 of Total 967
21:50:33 QUANTAXIS>>> DOWNLOAD PROGRESS 45.8 %
21:50:33 QUANTAXIS>>> ##JOB04 Now Saving INDEX_DAY==== 
 Trying updating 090034 from 1990-01-01 to 2018-04-25
21:50:33 QUANTAXIS>>> The 444 of Total 967
21:50:33 QUANTAXIS>>> DOWNLOAD PROGRESS 45.9 %
21:50:33 QUANTAXIS>>> ##JOB04 Now Saving INDEX_DAY==== 
 Trying updating 090037 from 1990-01-01 to 2018-04-25
21:50:34 QUANTAXIS>>> The 445 of Total 967
21:50:34 QUANTAXIS>>> DOWNLOAD PROGRESS 46.0 %
21:50:34 QUANTAXIS>>> ##JOB04 Now Saving INDEX_DAY==== 
 Trying updating 090040 from 1990-01-01 to 2018-04-25
21:50:34 QUANTAXIS>>> The 446 of Total 967
21:50:34 QUANTAXIS>>> DOWNLOAD PROGRESS 46.1 %
21:50:34 QUANTAXIS>>> ##JOB04 Now Saving INDEX_DAY==== 
 Trying updating 090041 from 1990-01-01 to 2018-04-25
21:50:35 QUANTAXIS>>> The 447 of Total 967
21:50:35 QUANTAXIS>>> DOWNLOAD PROGRESS 46.2 %
21:50:35 QUANTAXIS>>> ##JOB04 Now Saving INDEX_DAY==== 
 Trying updating 090107 from 1990-01-01 to 2018-04-25
21:50:36 QUANTAXIS>>> The 448 of Total 967
21:50:36 QUANTAXIS>>> DOWNLOAD PROGRESS 46.3 %
21:50:36 QUANTAXIS>>> ##JOB04 Now Saving INDEX_DAY==== 
 Trying updating 090303 from 1990-01-01 to 2018-04-25
21:50:36 QUANTAXIS>>> The 449 of Total 967
21:50:36 QUANTAXIS>>> DOWNLOAD PROGRESS 46.4 %
21:50:36 QUANTAXIS>>> ##JOB04 Now Saving INDEX_DAY==== 
 Trying updating 090504 from 1990-01-01 to 2018-04-25
21:50:37 QUANTAXIS>>> The 450 of Total 967
21:50:37 QUANTAXIS>>> DOWNLOAD PROGRESS 46.5 %
21:50:37 QUANTAXIS>>> ##JOB04 Now Saving INDEX_DAY==== 
 Trying updating 090512 from 1990-01-01 to 2018-04-25
21:50:37 QUANTAXIS>>> The 451 of Total 967
21:50:37 QUANTAXIS>>> DOWNLOAD PROGRESS 46.6 %
21:50:37 QUANTAXIS>>> ##JOB04 Now Saving INDEX_DAY==== 
 Trying updating 090609 from 1990-01-01 to 2018-04-25
21:50:38 QUANTAXIS>>> The 452 of Total 967
21:50:38 QUANTAXIS>>> DOWNLOAD PROGRESS 46.7 %
21:50:38 QUANTAXIS>>> ##JOB04 Now Saving INDEX_DAY==== 
 Trying updating 090619 from 1990-01-01 to 2018-04-25
21:50:38 QUANTAXIS>>> The 453 of Total 967
21:50:38 QUANTAXIS>>> DOWNLOAD PROGRESS 46.8 %
21:50:38 QUANTAXIS>>> ##JOB04 Now Saving INDEX_DAY==== 
 Trying updating 090706 from 1990-01-01 to 2018-04-25
21:50:39 QUANTAXIS>>> The 454 of Total 967
21:50:39 QUANTAXIS>>> DOWNLOAD PROGRESS 46.9 %
21:50:39 QUANTAXIS>>> ##JOB04 Now Saving INDEX_DAY==== 
 Trying updating 090713 from 1990-01-01 to 2018-04-25
21:50:39 QUANTAXIS>>> The 455 of Total 967
21:50:39 QUANTAXIS>>> DOWNLOAD PROGRESS 47.0 %
21:50:39 QUANTAXIS>>> ##JOB04 Now Saving INDEX_DAY==== 
 Trying updating 090802 from 1990-01-01 to 2018-04-25
21:50:40 QUANTAXIS>>> The 456 of Total 967
21:50:40 QUANTAXIS>>> DOWNLOAD PROGRESS 47.1 %
21:50:40 QUANTAXIS>>> ##JOB04 Now Saving INDEX_DAY==== 
 Trying updating 090806 from 1990-01-01 to 2018-04-25
21:50:41 QUANTAXIS>>> The 457 of Total 967
21:50:41 QUANTAXIS>>> DOWNLOAD PROGRESS 47.2 %
21:50:41 QUANTAXIS>>> ##JOB04 Now Saving INDEX_DAY==== 
 Trying updating 090810 from 1990-01-01 to 2018-04-25
21:50:42 QUANTAXIS>>> The 458 of Total 967
21:50:42 QUANTAXIS>>> DOWNLOAD PROGRESS 47.3 %
21:50:42 QUANTAXIS>>> ##JOB04 Now Saving INDEX_DAY==== 
 Trying updating 090813 from 1990-01-01 to 2018-04-25
21:50:42 QUANTAXIS>>> The 459 of Total 967
21:50:42 QUANTAXIS>>> DOWNLOAD PROGRESS 47.4 %
21:50:42 QUANTAXIS>>> ##JOB04 Now Saving INDEX_DAY==== 
 Trying updating 090818 from 1990-01-01 to 2018-04-25
21:50:43 QUANTAXIS>>> The 460 of Total 967
21:50:43 QUANTAXIS>>> DOWNLOAD PROGRESS 47.5 %
21:50:43 QUANTAXIS>>> ##JOB04 Now Saving INDEX_DAY==== 
 Trying updating 090820 from 1990-01-01 to 2018-04-25
21:50:43 QUANTAXIS>>> The 461 of Total 967
21:50:43 QUANTAXIS>>> DOWNLOAD PROGRESS 47.6 %
21:50:43 QUANTAXIS>>> ##JOB04 Now Saving INDEX_DAY==== 
 Trying updating 090823 from 1990-01-01 to 2018-04-25
21:50:44 QUANTAXIS>>> The 462 of Total 967
21:50:44 QUANTAXIS>>> DOWNLOAD PROGRESS 47.7 %
21:50:44 QUANTAXIS>>> ##JOB04 Now Saving INDEX_DAY==== 
 Trying updating 090825 from 1990-01-01 to 2018-04-25
21:50:44 QUANTAXIS>>> The 463 of Total 967
21:50:44 QUANTAXIS>>> DOWNLOAD PROGRESS 47.8 %
21:50:44 QUANTAXIS>>> ##JOB04 Now Saving INDEX_DAY==== 
 Trying updating 090902 from 1990-01-01 to 2018-04-25
21:50:45 QUANTAXIS>>> The 464 of Total 967
21:50:45 QUANTAXIS>>> DOWNLOAD PROGRESS 47.9 %
21:50:45 QUANTAXIS>>> ##JOB04 Now Saving INDEX_DAY==== 
 Trying updating 090903 from 1990-01-01 to 2018-04-25
21:50:45 QUANTAXIS>>> The 465 of Total 967
21:50:45 QUANTAXIS>>> DOWNLOAD PROGRESS 48.0 %
21:50:45 QUANTAXIS>>> ##JOB04 Now Saving INDEX_DAY==== 
 Trying updating 090905 from 1990-01-01 to 2018-04-25
21:50:46 QUANTAXIS>>> The 466 of Total 967
21:50:46 QUANTAXIS>>> DOWNLOAD PROGRESS 48.1 %
21:50:46 QUANTAXIS>>> ##JOB04 Now Saving INDEX_DAY==== 
 Trying updating 090907 from 1990-01-01 to 2018-04-25
21:50:47 QUANTAXIS>>> The 467 of Total 967
21:50:47 QUANTAXIS>>> DOWNLOAD PROGRESS 48.2 %
21:50:47 QUANTAXIS>>> ##JOB04 Now Saving INDEX_DAY==== 
 Trying updating 090911 from 1990-01-01 to 2018-04-25
