21:53:16 QUANTAXIS>>> start QUANTAXIS
21:53:17 QUANTAXIS>>> Selecting the Best Server IP of TDX
21:53:39 QUANTAXIS>>> === The BEST SERVER ===
 stock_ip 61.135.142.73 future_ip 61.152.107.141
21:53:39 QUANTAXIS>>> declare 'pyecharts_js_extension' plugin manager
21:53:39 QUANTAXIS>>> scanning for plugins...
21:53:41 QUANTAXIS>>> register Pypkg
21:53:41 QUANTAXIS>>> found jupyter_echarts_pypkg
21:53:41 QUANTAXIS>>> scanning done
21:53:43 QUANTAXIS>>> The 0 of Total 3510
21:53:43 QUANTAXIS>>> DOWNLOAD PROGRESS 0.0 %
21:53:43 QUANTAXIS>>> ##JOB01 Now Saving STOCK_DAY==== 601518
21:53:43 QUANTAXIS>>>  UPDATE_STOCK_DAY 
 Trying updating 601518 from 1990-01-01 to 2018-04-23
21:54:46 QUANTAXIS>>>  UPDATE_STOCK_DAY 
 Erroe 601518 
21:54:46 QUANTAXIS>>> The 1 of Total 3510
21:54:46 QUANTAXIS>>> DOWNLOAD PROGRESS 0.02 %
21:54:46 QUANTAXIS>>> ##JOB01 Now Saving STOCK_DAY==== 600050
21:54:46 QUANTAXIS>>>  UPDATE_STOCK_DAY 
 Trying updating 600050 from 1990-01-01 to 2018-04-23
22:00:32 QUANTAXIS>>>  UPDATE_STOCK_DAY 
 Erroe 600050 
22:00:32 QUANTAXIS>>> The 2 of Total 3510
22:00:32 QUANTAXIS>>> DOWNLOAD PROGRESS 0.05 %
22:00:32 QUANTAXIS>>> ##JOB01 Now Saving STOCK_DAY==== 300333
22:00:32 QUANTAXIS>>>  UPDATE_STOCK_DAY 
 Trying updating 300333 from 1990-01-01 to 2018-04-23
