22:01:17 QUANTAXIS>>> start QUANTAXIS
22:01:17 QUANTAXIS>>> Selecting the Best Server IP of TDX
22:01:39 QUANTAXIS>>> === The BEST SERVER ===
 stock_ip 124.160.88.183 future_ip 61.152.107.141
22:01:40 QUANTAXIS>>> declare 'pyecharts_js_extension' plugin manager
22:01:40 QUANTAXIS>>> scanning for plugins...
22:01:40 QUANTAXIS>>> register Pypkg
22:01:40 QUANTAXIS>>> found jupyter_echarts_pypkg
22:01:40 QUANTAXIS>>> scanning done
22:01:50 QUANTAXIS>>> The 0 of Total 3510
22:01:50 QUANTAXIS>>> DOWNLOAD PROGRESS 0.0 %
22:01:50 QUANTAXIS>>> ##JOB01 Now Saving STOCK_DAY==== 601518
22:01:50 QUANTAXIS>>>  UPDATE_STOCK_DAY 
 Trying updating 601518 from 1990-01-01 to 2018-04-23
22:01:51 QUANTAXIS>>>  UPDATE_STOCK_DAY 
 Erroe 601518 
22:01:51 QUANTAXIS>>> The 1 of Total 3510
22:01:51 QUANTAXIS>>> DOWNLOAD PROGRESS 0.02 %
22:01:51 QUANTAXIS>>> ##JOB01 Now Saving STOCK_DAY==== 600050
22:01:51 QUANTAXIS>>>  UPDATE_STOCK_DAY 
 Trying updating 600050 from 1990-01-01 to 2018-04-23
22:01:52 QUANTAXIS>>>  UPDATE_STOCK_DAY 
 Erroe 600050 
22:01:52 QUANTAXIS>>> The 2 of Total 3510
22:01:52 QUANTAXIS>>> DOWNLOAD PROGRESS 0.05 %
22:01:52 QUANTAXIS>>> ##JOB01 Now Saving STOCK_DAY==== 300333
22:01:52 QUANTAXIS>>>  UPDATE_STOCK_DAY 
 Trying updating 300333 from 1990-01-01 to 2018-04-23
22:01:53 QUANTAXIS>>>  UPDATE_STOCK_DAY 
 Erroe 300333 
22:01:53 QUANTAXIS>>> The 3 of Total 3510
22:01:53 QUANTAXIS>>> DOWNLOAD PROGRESS 0.08 %
22:01:53 QUANTAXIS>>> ##JOB01 Now Saving STOCK_DAY==== 300293
22:01:53 QUANTAXIS>>>  UPDATE_STOCK_DAY 
 Trying updating 300293 from 1990-01-01 to 2018-04-23
22:01:54 QUANTAXIS>>>  UPDATE_STOCK_DAY 
 Erroe 300293 
22:01:54 QUANTAXIS>>> The 4 of Total 3510
22:01:54 QUANTAXIS>>> DOWNLOAD PROGRESS 0.11 %
22:01:54 QUANTAXIS>>> ##JOB01 Now Saving STOCK_DAY==== 002856
22:01:54 QUANTAXIS>>>  UPDATE_STOCK_DAY 
 Trying updating 002856 from 1990-01-01 to 2018-04-23
22:01:54 QUANTAXIS>>>  UPDATE_STOCK_DAY 
 Erroe 002856 
22:01:55 QUANTAXIS>>> The 5 of Total 3510
22:01:55 QUANTAXIS>>> DOWNLOAD PROGRESS 0.14 %
22:01:55 QUANTAXIS>>> ##JOB01 Now Saving STOCK_DAY==== 000935
22:01:55 QUANTAXIS>>>  UPDATE_STOCK_DAY 
 Trying updating 000935 from 1990-01-01 to 2018-04-23
22:01:56 QUANTAXIS>>>  UPDATE_STOCK_DAY 
 Erroe 000935 
22:01:56 QUANTAXIS>>> The 6 of Total 3510
22:01:56 QUANTAXIS>>> DOWNLOAD PROGRESS 0.17 %
22:01:56 QUANTAXIS>>> ##JOB01 Now Saving STOCK_DAY==== 300565
22:01:56 QUANTAXIS>>>  UPDATE_STOCK_DAY 
 Trying updating 300565 from 1990-01-01 to 2018-04-23
22:01:57 QUANTAXIS>>>  UPDATE_STOCK_DAY 
 Erroe 300565 
22:01:57 QUANTAXIS>>> The 7 of Total 3510
22:01:57 QUANTAXIS>>> DOWNLOAD PROGRESS 0.19 %
22:01:57 QUANTAXIS>>> ##JOB01 Now Saving STOCK_DAY==== 603733
22:01:57 QUANTAXIS>>>  UPDATE_STOCK_DAY 
 Trying updating 603733 from 1990-01-01 to 2018-04-23
22:01:57 QUANTAXIS>>>  UPDATE_STOCK_DAY 
 Erroe 603733 
22:01:57 QUANTAXIS>>> The 8 of Total 3510
22:01:57 QUANTAXIS>>> DOWNLOAD PROGRESS 0.22 %
22:01:57 QUANTAXIS>>> ##JOB01 Now Saving STOCK_DAY==== 603496
22:01:57 QUANTAXIS>>>  UPDATE_STOCK_DAY 
 Trying updating 603496 from 1990-01-01 to 2018-04-23
22:01:58 QUANTAXIS>>>  UPDATE_STOCK_DAY 
 Erroe 603496 
22:01:58 QUANTAXIS>>> The 9 of Total 3510
22:01:58 QUANTAXIS>>> DOWNLOAD PROGRESS 0.25 %
22:01:58 QUANTAXIS>>> ##JOB01 Now Saving STOCK_DAY==== 002338
22:01:58 QUANTAXIS>>>  UPDATE_STOCK_DAY 
 Trying updating 002338 from 1990-01-01 to 2018-04-23
22:01:59 QUANTAXIS>>>  UPDATE_STOCK_DAY 
 Erroe 002338 
22:01:59 QUANTAXIS>>> The 10 of Total 3510
22:01:59 QUANTAXIS>>> DOWNLOAD PROGRESS 0.28 %
22:01:59 QUANTAXIS>>> ##JOB01 Now Saving STOCK_DAY==== 600303
22:01:59 QUANTAXIS>>>  UPDATE_STOCK_DAY 
 Trying updating 600303 from 1990-01-01 to 2018-04-23
