22:04:35 QUANTAXIS>>> start QUANTAXIS
22:04:35 QUANTAXIS>>> Selecting the Best Server IP of TDX
22:04:57 QUANTAXIS>>> === The BEST SERVER ===
 stock_ip 61.135.142.73 future_ip 61.152.107.141
22:04:57 QUANTAXIS>>> declare 'pyecharts_js_extension' plugin manager
22:04:57 QUANTAXIS>>> scanning for plugins...
22:04:57 QUANTAXIS>>> register Pypkg
22:04:57 QUANTAXIS>>> found jupyter_echarts_pypkg
22:04:57 QUANTAXIS>>> scanning done
22:05:06 QUANTAXIS>>> The 0 of Total 3510
22:05:06 QUANTAXIS>>> DOWNLOAD PROGRESS 0.0 %
22:05:06 QUANTAXIS>>> ##JOB01 Now Saving STOCK_DAY==== 601518
22:05:06 QUANTAXIS>>>  UPDATE_STOCK_DAY 
 Trying updating 601518 from 1990-01-01 to 2018-04-23
22:05:07 QUANTAXIS>>>  UPDATE_STOCK_DAY 
 Erroe 601518 
22:05:07 QUANTAXIS>>> The 1 of Total 3510
22:05:07 QUANTAXIS>>> DOWNLOAD PROGRESS 0.02 %
22:05:07 QUANTAXIS>>> ##JOB01 Now Saving STOCK_DAY==== 600050
22:05:07 QUANTAXIS>>>  UPDATE_STOCK_DAY 
 Trying updating 600050 from 1990-01-01 to 2018-04-23
22:05:07 QUANTAXIS>>>  UPDATE_STOCK_DAY 
 Erroe 600050 
22:05:08 QUANTAXIS>>> The 2 of Total 3510
22:05:08 QUANTAXIS>>> DOWNLOAD PROGRESS 0.05 %
22:05:08 QUANTAXIS>>> ##JOB01 Now Saving STOCK_DAY==== 300333
22:05:08 QUANTAXIS>>>  UPDATE_STOCK_DAY 
 Trying updating 300333 from 1990-01-01 to 2018-04-23
22:05:08 QUANTAXIS>>>  UPDATE_STOCK_DAY 
 Erroe 300333 
22:05:08 QUANTAXIS>>> The 3 of Total 3510
22:05:08 QUANTAXIS>>> DOWNLOAD PROGRESS 0.08 %
22:05:08 QUANTAXIS>>> ##JOB01 Now Saving STOCK_DAY==== 300293
22:05:08 QUANTAXIS>>>  UPDATE_STOCK_DAY 
 Trying updating 300293 from 1990-01-01 to 2018-04-23
22:05:09 QUANTAXIS>>>  UPDATE_STOCK_DAY 
 Erroe 300293 
22:05:09 QUANTAXIS>>> The 4 of Total 3510
22:05:09 QUANTAXIS>>> DOWNLOAD PROGRESS 0.11 %
22:05:09 QUANTAXIS>>> ##JOB01 Now Saving STOCK_DAY==== 002856
22:05:09 QUANTAXIS>>>  UPDATE_STOCK_DAY 
 Trying updating 002856 from 1990-01-01 to 2018-04-23
22:05:09 QUANTAXIS>>>  UPDATE_STOCK_DAY 
 Erroe 002856 
22:05:09 QUANTAXIS>>> The 5 of Total 3510
22:05:09 QUANTAXIS>>> DOWNLOAD PROGRESS 0.14 %
22:05:09 QUANTAXIS>>> ##JOB01 Now Saving STOCK_DAY==== 000935
22:05:09 QUANTAXIS>>>  UPDATE_STOCK_DAY 
 Trying updating 000935 from 1990-01-01 to 2018-04-23
22:05:10 QUANTAXIS>>>  UPDATE_STOCK_DAY 
 Erroe 000935 
22:05:10 QUANTAXIS>>> The 6 of Total 3510
22:05:10 QUANTAXIS>>> DOWNLOAD PROGRESS 0.17 %
22:05:10 QUANTAXIS>>> ##JOB01 Now Saving STOCK_DAY==== 300565
22:05:10 QUANTAXIS>>>  UPDATE_STOCK_DAY 
 Trying updating 300565 from 1990-01-01 to 2018-04-23
22:05:10 QUANTAXIS>>>  UPDATE_STOCK_DAY 
 Erroe 300565 
22:05:10 QUANTAXIS>>> The 7 of Total 3510
22:05:10 QUANTAXIS>>> DOWNLOAD PROGRESS 0.19 %
22:05:10 QUANTAXIS>>> ##JOB01 Now Saving STOCK_DAY==== 603733
22:05:10 QUANTAXIS>>>  UPDATE_STOCK_DAY 
 Trying updating 603733 from 1990-01-01 to 2018-04-23
22:05:11 QUANTAXIS>>>  UPDATE_STOCK_DAY 
 Erroe 603733 
22:05:11 QUANTAXIS>>> The 8 of Total 3510
22:05:11 QUANTAXIS>>> DOWNLOAD PROGRESS 0.22 %
22:05:11 QUANTAXIS>>> ##JOB01 Now Saving STOCK_DAY==== 603496
22:05:11 QUANTAXIS>>>  UPDATE_STOCK_DAY 
 Trying updating 603496 from 1990-01-01 to 2018-04-23
22:05:11 QUANTAXIS>>>  UPDATE_STOCK_DAY 
 Erroe 603496 
22:05:11 QUANTAXIS>>> The 9 of Total 3510
22:05:11 QUANTAXIS>>> DOWNLOAD PROGRESS 0.25 %
22:05:11 QUANTAXIS>>> ##JOB01 Now Saving STOCK_DAY==== 002338
22:05:11 QUANTAXIS>>>  UPDATE_STOCK_DAY 
 Trying updating 002338 from 1990-01-01 to 2018-04-23
22:05:12 QUANTAXIS>>>  UPDATE_STOCK_DAY 
 Erroe 002338 
22:05:12 QUANTAXIS>>> The 10 of Total 3510
22:05:12 QUANTAXIS>>> DOWNLOAD PROGRESS 0.28 %
22:05:12 QUANTAXIS>>> ##JOB01 Now Saving STOCK_DAY==== 600303
22:05:12 QUANTAXIS>>>  UPDATE_STOCK_DAY 
 Trying updating 600303 from 1990-01-01 to 2018-04-23
22:05:12 QUANTAXIS>>>  UPDATE_STOCK_DAY 
 Erroe 600303 
22:05:12 QUANTAXIS>>> The 11 of Total 3510
22:05:12 QUANTAXIS>>> DOWNLOAD PROGRESS 0.31 %
22:05:12 QUANTAXIS>>> ##JOB01 Now Saving STOCK_DAY==== 603301
22:05:12 QUANTAXIS>>>  UPDATE_STOCK_DAY 
 Trying updating 603301 from 1990-01-01 to 2018-04-23
22:05:13 QUANTAXIS>>>  UPDATE_STOCK_DAY 
 Erroe 603301 
22:05:13 QUANTAXIS>>> The 12 of Total 3510
22:05:13 QUANTAXIS>>> DOWNLOAD PROGRESS 0.34 %
22:05:13 QUANTAXIS>>> ##JOB01 Now Saving STOCK_DAY==== 603809
22:05:13 QUANTAXIS>>>  UPDATE_STOCK_DAY 
 Trying updating 603809 from 1990-01-01 to 2018-04-23
22:05:13 QUANTAXIS>>>  UPDATE_STOCK_DAY 
 Erroe 603809 
22:05:13 QUANTAXIS>>> The 13 of Total 3510
22:05:13 QUANTAXIS>>> DOWNLOAD PROGRESS 0.37 %
22:05:13 QUANTAXIS>>> ##JOB01 Now Saving STOCK_DAY==== 603773
22:05:13 QUANTAXIS>>>  UPDATE_STOCK_DAY 
 Trying updating 603773 from 1990-01-01 to 2018-04-23
22:05:14 QUANTAXIS>>>  UPDATE_STOCK_DAY 
 Erroe 603773 
22:05:14 QUANTAXIS>>> The 14 of Total 3510
22:05:14 QUANTAXIS>>> DOWNLOAD PROGRESS 0.39 %
22:05:14 QUANTAXIS>>> ##JOB01 Now Saving STOCK_DAY==== 002931
22:05:14 QUANTAXIS>>>  UPDATE_STOCK_DAY 
 Trying updating 002931 from 1990-01-01 to 2018-04-23
22:05:14 QUANTAXIS>>>  UPDATE_STOCK_DAY 
 Erroe 002931 
22:05:14 QUANTAXIS>>> The 15 of Total 3510
22:05:14 QUANTAXIS>>> DOWNLOAD PROGRESS 0.42 %
22:05:14 QUANTAXIS>>> ##JOB01 Now Saving STOCK_DAY==== 603876
22:05:14 QUANTAXIS>>>  UPDATE_STOCK_DAY 
 Trying updating 603876 from 1990-01-01 to 2018-04-23
22:05:14 QUANTAXIS>>>  UPDATE_STOCK_DAY 
 Erroe 603876 
22:05:14 QUANTAXIS>>> The 16 of Total 3510
22:05:14 QUANTAXIS>>> DOWNLOAD PROGRESS 0.45 %
22:05:14 QUANTAXIS>>> ##JOB01 Now Saving STOCK_DAY==== 300718
22:05:14 QUANTAXIS>>>  UPDATE_STOCK_DAY 
 Trying updating 300718 from 1990-01-01 to 2018-04-23
22:05:15 QUANTAXIS>>>  UPDATE_STOCK_DAY 
 Erroe 300718 
22:05:15 QUANTAXIS>>> The 17 of Total 3510
22:05:15 QUANTAXIS>>> DOWNLOAD PROGRESS 0.48 %
22:05:15 QUANTAXIS>>> ##JOB01 Now Saving STOCK_DAY==== 300693
22:05:15 QUANTAXIS>>>  UPDATE_STOCK_DAY 
 Trying updating 300693 from 1990-01-01 to 2018-04-23
22:05:15 QUANTAXIS>>>  UPDATE_STOCK_DAY 
 Erroe 300693 
22:05:15 QUANTAXIS>>> The 18 of Total 3510
22:05:15 QUANTAXIS>>> DOWNLOAD PROGRESS 0.51 %
22:05:15 QUANTAXIS>>> ##JOB01 Now Saving STOCK_DAY==== 300634
22:05:15 QUANTAXIS>>>  UPDATE_STOCK_DAY 
 Trying updating 300634 from 1990-01-01 to 2018-04-23
22:05:16 QUANTAXIS>>>  UPDATE_STOCK_DAY 
 Erroe 300634 
22:05:16 QUANTAXIS>>> The 19 of Total 3510
22:05:16 QUANTAXIS>>> DOWNLOAD PROGRESS 0.54 %
22:05:16 QUANTAXIS>>> ##JOB01 Now Saving STOCK_DAY==== 300597
22:05:16 QUANTAXIS>>>  UPDATE_STOCK_DAY 
 Trying updating 300597 from 1990-01-01 to 2018-04-23
22:05:16 QUANTAXIS>>>  UPDATE_STOCK_DAY 
 Erroe 300597 
22:05:16 QUANTAXIS>>> The 20 of Total 3510
22:05:16 QUANTAXIS>>> DOWNLOAD PROGRESS 0.56 %
22:05:16 QUANTAXIS>>> ##JOB01 Now Saving STOCK_DAY==== 300667
22:05:16 QUANTAXIS>>>  UPDATE_STOCK_DAY 
 Trying updating 300667 from 1990-01-01 to 2018-04-23
22:05:17 QUANTAXIS>>>  UPDATE_STOCK_DAY 
 Erroe 300667 
22:05:17 QUANTAXIS>>> The 21 of Total 3510
22:05:17 QUANTAXIS>>> DOWNLOAD PROGRESS 0.59 %
22:05:17 QUANTAXIS>>> ##JOB01 Now Saving STOCK_DAY==== 300348
22:05:17 QUANTAXIS>>>  UPDATE_STOCK_DAY 
 Trying updating 300348 from 1990-01-01 to 2018-04-23
22:05:17 QUANTAXIS>>>  UPDATE_STOCK_DAY 
 Erroe 300348 
22:05:17 QUANTAXIS>>> The 22 of Total 3510
22:05:17 QUANTAXIS>>> DOWNLOAD PROGRESS 0.62 %
22:05:17 QUANTAXIS>>> ##JOB01 Now Saving STOCK_DAY==== 603378
22:05:17 QUANTAXIS>>>  UPDATE_STOCK_DAY 
 Trying updating 603378 from 1990-01-01 to 2018-04-23
22:05:18 QUANTAXIS>>>  UPDATE_STOCK_DAY 
 Erroe 603378 
22:05:18 QUANTAXIS>>> The 23 of Total 3510
22:05:18 QUANTAXIS>>> DOWNLOAD PROGRESS 0.65 %
22:05:18 QUANTAXIS>>> ##JOB01 Now Saving STOCK_DAY==== 002806
22:05:18 QUANTAXIS>>>  UPDATE_STOCK_DAY 
 Trying updating 002806 from 1990-01-01 to 2018-04-23
22:05:23 QUANTAXIS>>>  UPDATE_STOCK_DAY 
 Erroe 002806 
22:05:23 QUANTAXIS>>> The 24 of Total 3510
22:05:23 QUANTAXIS>>> DOWNLOAD PROGRESS 0.68 %
22:05:23 QUANTAXIS>>> ##JOB01 Now Saving STOCK_DAY==== 002651
22:05:23 QUANTAXIS>>>  UPDATE_STOCK_DAY 
 Trying updating 002651 from 1990-01-01 to 2018-04-23
22:05:23 QUANTAXIS>>>  UPDATE_STOCK_DAY 
 Erroe 002651 
22:05:23 QUANTAXIS>>> The 25 of Total 3510
22:05:23 QUANTAXIS>>> DOWNLOAD PROGRESS 0.71 %
22:05:23 QUANTAXIS>>> ##JOB01 Now Saving STOCK_DAY==== 603099
22:05:23 QUANTAXIS>>>  UPDATE_STOCK_DAY 
 Trying updating 603099 from 1990-01-01 to 2018-04-23
22:05:24 QUANTAXIS>>>  UPDATE_STOCK_DAY 
 Erroe 603099 
22:05:24 QUANTAXIS>>> The 26 of Total 3510
22:05:24 QUANTAXIS>>> DOWNLOAD PROGRESS 0.74 %
22:05:24 QUANTAXIS>>> ##JOB01 Now Saving STOCK_DAY==== 300366
22:05:24 QUANTAXIS>>>  UPDATE_STOCK_DAY 
 Trying updating 300366 from 1990-01-01 to 2018-04-23
22:05:25 QUANTAXIS>>>  UPDATE_STOCK_DAY 
 Erroe 300366 
22:05:25 QUANTAXIS>>> The 27 of Total 3510
22:05:25 QUANTAXIS>>> DOWNLOAD PROGRESS 0.76 %
22:05:25 QUANTAXIS>>> ##JOB01 Now Saving STOCK_DAY==== 600853
22:05:25 QUANTAXIS>>>  UPDATE_STOCK_DAY 
 Trying updating 600853 from 1990-01-01 to 2018-04-23
22:05:25 QUANTAXIS>>>  UPDATE_STOCK_DAY 
 Erroe 600853 
22:05:25 QUANTAXIS>>> The 28 of Total 3510
22:05:25 QUANTAXIS>>> DOWNLOAD PROGRESS 0.79 %
22:05:25 QUANTAXIS>>> ##JOB01 Now Saving STOCK_DAY==== 002052
22:05:25 QUANTAXIS>>>  UPDATE_STOCK_DAY 
 Trying updating 002052 from 1990-01-01 to 2018-04-23
22:05:26 QUANTAXIS>>>  UPDATE_STOCK_DAY 
 Erroe 002052 
22:05:26 QUANTAXIS>>> The 29 of Total 3510
22:05:26 QUANTAXIS>>> DOWNLOAD PROGRESS 0.82 %
22:05:26 QUANTAXIS>>> ##JOB01 Now Saving STOCK_DAY==== 002192
22:05:26 QUANTAXIS>>>  UPDATE_STOCK_DAY 
 Trying updating 002192 from 1990-01-01 to 2018-04-23
22:05:27 QUANTAXIS>>>  UPDATE_STOCK_DAY 
 Erroe 002192 
22:05:27 QUANTAXIS>>> The 30 of Total 3510
22:05:27 QUANTAXIS>>> DOWNLOAD PROGRESS 0.85 %
22:05:27 QUANTAXIS>>> ##JOB01 Now Saving STOCK_DAY==== 600338
22:05:27 QUANTAXIS>>>  UPDATE_STOCK_DAY 
 Trying updating 600338 from 1990-01-01 to 2018-04-23
22:05:27 QUANTAXIS>>>  UPDATE_STOCK_DAY 
 Erroe 600338 
22:05:27 QUANTAXIS>>> The 31 of Total 3510
22:05:27 QUANTAXIS>>> DOWNLOAD PROGRESS 0.88 %
22:05:27 QUANTAXIS>>> ##JOB01 Now Saving STOCK_DAY==== 000407
22:05:27 QUANTAXIS>>>  UPDATE_STOCK_DAY 
 Trying updating 000407 from 1990-01-01 to 2018-04-23
22:05:28 QUANTAXIS>>>  UPDATE_STOCK_DAY 
 Erroe 000407 
22:05:28 QUANTAXIS>>> The 32 of Total 3510
22:05:28 QUANTAXIS>>> DOWNLOAD PROGRESS 0.91 %
22:05:28 QUANTAXIS>>> ##JOB01 Now Saving STOCK_DAY==== 300419
22:05:28 QUANTAXIS>>>  UPDATE_STOCK_DAY 
 Trying updating 300419 from 1990-01-01 to 2018-04-23
22:05:29 QUANTAXIS>>>  UPDATE_STOCK_DAY 
 Erroe 300419 
22:05:29 QUANTAXIS>>> The 33 of Total 3510
22:05:29 QUANTAXIS>>> DOWNLOAD PROGRESS 0.94 %
22:05:29 QUANTAXIS>>> ##JOB01 Now Saving STOCK_DAY==== 603429
22:05:29 QUANTAXIS>>>  UPDATE_STOCK_DAY 
 Trying updating 603429 from 1990-01-01 to 2018-04-23
22:05:29 QUANTAXIS>>>  UPDATE_STOCK_DAY 
 Erroe 603429 
22:05:29 QUANTAXIS>>> The 34 of Total 3510
22:05:29 QUANTAXIS>>> DOWNLOAD PROGRESS 0.96 %
22:05:29 QUANTAXIS>>> ##JOB01 Now Saving STOCK_DAY==== 300504
22:05:29 QUANTAXIS>>>  UPDATE_STOCK_DAY 
 Trying updating 300504 from 1990-01-01 to 2018-04-23
22:05:30 QUANTAXIS>>>  UPDATE_STOCK_DAY 
 Erroe 300504 
22:05:30 QUANTAXIS>>> The 35 of Total 3510
22:05:30 QUANTAXIS>>> DOWNLOAD PROGRESS 0.99 %
22:05:30 QUANTAXIS>>> ##JOB01 Now Saving STOCK_DAY==== 002802
22:05:30 QUANTAXIS>>>  UPDATE_STOCK_DAY 
 Trying updating 002802 from 1990-01-01 to 2018-04-23
22:05:30 QUANTAXIS>>>  UPDATE_STOCK_DAY 
 Erroe 002802 
22:05:30 QUANTAXIS>>> The 36 of Total 3510
22:05:30 QUANTAXIS>>> DOWNLOAD PROGRESS 1.02 %
22:05:30 QUANTAXIS>>> ##JOB01 Now Saving STOCK_DAY==== 002579
22:05:30 QUANTAXIS>>>  UPDATE_STOCK_DAY 
 Trying updating 002579 from 1990-01-01 to 2018-04-23
22:05:31 QUANTAXIS>>>  UPDATE_STOCK_DAY 
 Erroe 002579 
22:05:31 QUANTAXIS>>> The 37 of Total 3510
22:05:31 QUANTAXIS>>> DOWNLOAD PROGRESS 1.05 %
22:05:31 QUANTAXIS>>> ##JOB01 Now Saving STOCK_DAY==== 000928
22:05:31 QUANTAXIS>>>  UPDATE_STOCK_DAY 
 Trying updating 000928 from 1990-01-01 to 2018-04-23
22:05:32 QUANTAXIS>>>  UPDATE_STOCK_DAY 
 Erroe 000928 
22:05:32 QUANTAXIS>>> The 38 of Total 3510
22:05:32 QUANTAXIS>>> DOWNLOAD PROGRESS 1.08 %
22:05:32 QUANTAXIS>>> ##JOB01 Now Saving STOCK_DAY==== 300598
22:05:32 QUANTAXIS>>>  UPDATE_STOCK_DAY 
 Trying updating 300598 from 1990-01-01 to 2018-04-23
22:05:32 QUANTAXIS>>>  UPDATE_STOCK_DAY 
 Erroe 300598 
22:05:32 QUANTAXIS>>> The 39 of Total 3510
22:05:32 QUANTAXIS>>> DOWNLOAD PROGRESS 1.11 %
22:05:32 QUANTAXIS>>> ##JOB01 Now Saving STOCK_DAY==== 603009
22:05:32 QUANTAXIS>>>  UPDATE_STOCK_DAY 
 Trying updating 603009 from 1990-01-01 to 2018-04-23
22:05:33 QUANTAXIS>>>  UPDATE_STOCK_DAY 
 Erroe 603009 
22:05:33 QUANTAXIS>>> The 40 of Total 3510
22:05:33 QUANTAXIS>>> DOWNLOAD PROGRESS 1.13 %
22:05:33 QUANTAXIS>>> ##JOB01 Now Saving STOCK_DAY==== 002881
22:05:33 QUANTAXIS>>>  UPDATE_STOCK_DAY 
 Trying updating 002881 from 1990-01-01 to 2018-04-23
22:05:33 QUANTAXIS>>>  UPDATE_STOCK_DAY 
 Erroe 002881 
22:05:33 QUANTAXIS>>> The 41 of Total 3510
22:05:33 QUANTAXIS>>> DOWNLOAD PROGRESS 1.16 %
22:05:33 QUANTAXIS>>> ##JOB01 Now Saving STOCK_DAY==== 600776
22:05:33 QUANTAXIS>>>  UPDATE_STOCK_DAY 
 Trying updating 600776 from 1990-01-01 to 2018-04-23
22:05:34 QUANTAXIS>>>  UPDATE_STOCK_DAY 
 Erroe 600776 
22:05:34 QUANTAXIS>>> The 42 of Total 3510
22:05:34 QUANTAXIS>>> DOWNLOAD PROGRESS 1.19 %
22:05:34 QUANTAXIS>>> ##JOB01 Now Saving STOCK_DAY==== 300537
22:05:34 QUANTAXIS>>>  UPDATE_STOCK_DAY 
 Trying updating 300537 from 1990-01-01 to 2018-04-23
22:05:35 QUANTAXIS>>>  UPDATE_STOCK_DAY 
 Erroe 300537 
22:05:35 QUANTAXIS>>> The 43 of Total 3510
22:05:35 QUANTAXIS>>> DOWNLOAD PROGRESS 1.22 %
22:05:35 QUANTAXIS>>> ##JOB01 Now Saving STOCK_DAY==== 300730
22:05:35 QUANTAXIS>>>  UPDATE_STOCK_DAY 
 Trying updating 300730 from 1990-01-01 to 2018-04-23
22:05:35 QUANTAXIS>>>  UPDATE_STOCK_DAY 
 Erroe 300730 
22:05:35 QUANTAXIS>>> The 44 of Total 3510
22:05:35 QUANTAXIS>>> DOWNLOAD PROGRESS 1.25 %
22:05:35 QUANTAXIS>>> ##JOB01 Now Saving STOCK_DAY==== 300715
22:05:35 QUANTAXIS>>>  UPDATE_STOCK_DAY 
 Trying updating 300715 from 1990-01-01 to 2018-04-23
22:05:35 QUANTAXIS>>>  UPDATE_STOCK_DAY 
 Erroe 300715 
